2024-09-01 12:55:08 - Zamówienie katalogu|id: 948|email: monika.bartnik@gmail.com
2024-09-02 07:52:42 - Zamówienie katalogu|id: 949|email: Ewelinapospiech87@wp.pl
2024-09-03 23:25:01 - Zamówienie katalogu|id: 951|email: piotr.stasiowski@interia.pl
2024-09-05 08:06:53 - Zamówienie katalogu|id: 952|email: agatakolodziej9@gmail.com
2024-09-06 07:41:09 - Zamówienie katalogu|id: 953|email: boras1@poczta.onet.pl
2024-09-07 21:26:01 - Zamówienie katalogu|id: 954|email: Agnieszka.m.luc@gmail.com
2024-09-09 20:20:49 - Zamówienie katalogu|id: 957|email: weronikafilipek00@gmail.com
2024-09-10 11:21:37 - Zamówienie katalogu|id: 958|email: jacog@wp.pl
2024-09-11 19:35:19 - Przelewy24: Transakcja została zarejestrowana poprawnie, id: 962
2024-09-11 19:36:43 - Przelewy24: Odczytano orderId, id: 962 | p24ID: 67852293
2024-09-11 19:36:44 - Przelewy24: Transakcja została zweryfikowana poprawnie, id: 962 | p24ID: 67852293
2024-09-14 08:55:52 - Przelewy24: Transakcja została zarejestrowana poprawnie, id: 964
2024-09-14 08:57:39 - Przelewy24: Odczytano orderId, id: 964 | p24ID: 68279691
2024-09-14 08:57:40 - Przelewy24: Transakcja została zweryfikowana poprawnie, id: 964 | p24ID: 68279691
2024-09-16 09:38:35 - Przelewy24: Transakcja została zarejestrowana poprawnie, id: 965
2024-09-16 10:59:28 - Przelewy24: Transakcja została zarejestrowana poprawnie, id: 966
2024-09-16 11:00:30 - Przelewy24: Odczytano orderId, id: 966 | p24ID: 68642159
2024-09-16 11:00:30 - Przelewy24: Transakcja została zweryfikowana poprawnie, id: 966 | p24ID: 68642159
2024-09-16 16:18:13 - Zamówienie katalogu|id: 968|email: kamil.samek293@gmail.com
2024-09-16 20:58:52 - Zamówienie katalogu|id: 969|email: damian.laszczyk3@wp.pl
2024-09-18 06:18:45 - Przelewy24: Transakcja została zarejestrowana poprawnie, id: 970
2024-09-18 06:19:11 - Przelewy24: Odczytano orderId, id: 970 | p24ID: 68946118
2024-09-18 06:19:12 - Przelewy24: Transakcja została zweryfikowana poprawnie, id: 970 | p24ID: 68946118
2024-09-18 08:24:40 - Zamówienie katalogu|id: 971|email: ewelinarabos@wp.pl
2024-09-18 19:13:01 - Zamówienie katalogu|id: 972|email: Iza.chrz@wp.pl
2024-09-24 19:02:08 - Przelewy24: Transakcja została zarejestrowana poprawnie, id: 974
2024-09-24 19:03:38 - Przelewy24: Odczytano orderId, id: 974 | p24ID: 70016625
2024-09-24 19:03:39 - Przelewy24: Transakcja została zweryfikowana poprawnie, id: 974 | p24ID: 70016625
2024-09-24 21:05:23 - Zamówienie katalogu|id: 975|email: m.kopec93@onet.pl
2024-09-25 14:22:43 - Zamówienie katalogu|id: 976|email: rafalll106z@o2.pl
2024-09-29 15:46:49 - Zamówienie katalogu|id: 978|email: weronikakurek2@wp.pl
2024-09-30 06:02:21 - Zamówienie katalogu|id: 979|email: justyna.czerobka@wp.pl
2024-09-30 17:13:56 - Zamówienie katalogu|id: 981|email: elaadamska@vp.pl
2024-09-30 21:49:09 - Zamówienie katalogu|id: 982|email: frozonek@gmail.com
