2024-04-01 11:02:26 - WiadomoŇń od: julita212014@gmail.com
--------------------------------------------------------------
DzieŇĄ dobry! Czy jest moŇľliwoŇõńá zrobienia projektu garaŇľu z pŇāyty warstwowej na pŇāycie fundamentowej zbrojonej, dwustanowiskowy, powierzchnia uŇľytkowa 48 m2, dach jednospadowy, wysokoŇõńá garaŇľu 3,40 m.

Termin wykonania do 10 kwietnia maksymalnie. Dzińôkujńô za informacje!
--------------------------------------------------------------
Referer: https://www.studioatrium.pl/projekty-garazy/wielostanowiskowe/
User agent: Mozilla/5.0 (Linux; Android 10; K) AppleWebKit/537.36 (KHTML, like Gecko) Chrome/123.0.0.0 Mobile Safari/537.36
IP: 178.42.51.128
##############################################################

2024-04-01 20:21:49 - WiadomoŇń od: karol.w@autograf.pl
--------------------------------------------------------------
Proszńô o wycenńô z pompńÖ ciepŇāa
--------------------------------------------------------------
Referer: https://www.studioatrium.pl/projekty-domow/Sfinks-vi-sz,1583.html
User agent: Mozilla/5.0 (Linux; Android 10; K) AppleWebKit/537.36 (KHTML, like Gecko) Chrome/123.0.0.0 Mobile Safari/537.36
IP: 83.4.226.45
##############################################################

2024-04-01 22:07:12 - WiadomoŇń od: piotr0206@wp.pl
--------------------------------------------------------------
Witam chciaŇābym zakupińá u PaŇĄstwa taki projekt altany ogrodowej o wymiarach mińôdzy sŇāupami 3.7x3.7. Czy istnieje moŇľliwoŇõńá zrobienia takiego projektu?
    pozdrawiam Piotr
--------------------------------------------------------------
Referer: https://www.studioatrium.pl/projekty/altany/A-105,1255.html
User agent: Mozilla/5.0 (Linux; Android 10; K) AppleWebKit/537.36 (KHTML, like Gecko) Chrome/123.0.0.0 Mobile Safari/537.36
IP: 83.23.250.172
##############################################################

2024-04-03 12:35:43 - WiadomoŇń od: ruseczek@vp.pl
--------------------------------------------------------------
DzieŇĄ dobry czy macie jakiŇõ projekt domu parterowego kt√≥ry miaŇāby w planie duŇľy salon z jadalnińÖ i kuchnińÖ i spizarka, WC, Ňāazienkńô, 3 pokoje z garderobami, gabinet, pralnie, pomieszczeniem gospodarczym oraz garaŇľem z kotŇāownińÖ i taras?
Pozdrawiam Ania
--------------------------------------------------------------
Referer: https://www.studioatrium.pl/?fbclid=IwAR1G34zxw9_ghJKcB4eP0jhvJERV0LD4GtFghusoMCfWDCtV5GzboXSpu7o
User agent: Mozilla/5.0 (Linux; Android 12; SM-G990B Build/SP1A.210812.016; wv) AppleWebKit/537.36 (KHTML, like Gecko) Version/4.0 Chrome/123.0.6312.77 Mobile Safari/537.36 [FB_IAB/FB4A;FBAV/457.0.0.54.84;]
IP: 185.251.84.58
##############################################################

2024-04-04 11:17:13 - WiadomoŇń od: wojtekskalecki@wp.pl
--------------------------------------------------------------
Witam jestem zainteresowany projektem Ricardo lift v prosil bym o wyslanie zutu fundamentow i informacje jaki jest strop interesoje mnie wersja murowana dziekoje
--------------------------------------------------------------
Referer: https://www.studioatrium.pl/projekty-domow/Ricardo-lift-v,1574.html
User agent: Mozilla/5.0 (iPhone; CPU iPhone OS 16_3_1 like Mac OS X) AppleWebKit/605.1.15 (KHTML, like Gecko) Version/16.3 Mobile/15E148 Safari/604.1
IP: 82.132.216.105
##############################################################

2024-04-04 12:14:29 - WiadomoŇń od: a.gigielewicz@wp.pl
--------------------------------------------------------------
Witam jestem zainteresowany projektem moŇľna poprosińá o wstńôpne plany? pozdrawiam
--------------------------------------------------------------
Referer: https://www.studioatrium.pl/projekty-domow/Zorba-ix-sz,1661.html
User agent: Mozilla/5.0 (Linux; Android 10; K) AppleWebKit/537.36 (KHTML, like Gecko) Chrome/123.0.0.0 Mobile Safari/537.36
IP: 5.173.148.22
##############################################################

2024-04-04 19:54:37 - WiadomoŇń od: paulinaz.a@interia.pl
--------------------------------------------------------------
DzieŇĄ dobry 

Proszńô o informacjńô na temat zmiany sposobu ogrzewania domu z gazowego na pellet. Czy adaptacjńô do takiej zmiany przeprowadzajńÖ paŇĄstwo we wŇāasnym zakresie? Czy przygotowujńÖ paŇĄstwo certyfikat energetyczny do takiej zmiany ? 

Pozdrawiam 
Paulina
--------------------------------------------------------------
Referer: https://www.studioatrium.pl/projekty-domow/Pliszka-vii,1431.html
User agent: Mozilla/5.0 (Windows NT 10.0; Win64; x64) AppleWebKit/537.36 (KHTML, like Gecko) Chrome/123.0.0.0 Safari/537.36
IP: 178.43.46.127
##############################################################

2024-04-05 13:09:56 - WiadomoŇń od: gawojciechowski@gmail.com
--------------------------------------------------------------
Czy jest moŇľliwoŇõńá uzyskania rabatu / zniŇľki na zakup tego projektu?

Pozdrawiam
Grzegorz Wojciechowski
--------------------------------------------------------------
Referer: https://www.studioatrium.pl/projekty-domow/Bursztyn-iv,1336.html
User agent: Mozilla/5.0 (Linux; Android 10; K) AppleWebKit/537.36 (KHTML, like Gecko) Chrome/123.0.0.0 Mobile Safari/537.36
IP: 31.0.74.82
##############################################################

2024-04-05 22:31:12 - WiadomoŇń od: mbartosz666@gmail.com
--------------------------------------------------------------
Witam czy ten Pelikan jest w opcji Murowanej? Z pothema lub np gazobetnu? 

Podoba mi sińô rozkŇāad pomieszczeŇĄ i metraŇľ. I chciaŇā bym taki projekt w wersji Murowanej. Jest moŇľliwoŇõńá?
--------------------------------------------------------------
Referer: https://www.studioatrium.pl/projekty-domow/Pelikan-slim-ii-sz,1382.html
User agent: Mozilla/5.0 (Linux; Android 10; K) AppleWebKit/537.36 (KHTML, like Gecko) Chrome/121.0.0.0 Mobile Safari/537.36
IP: 31.61.237.84
##############################################################

2024-04-09 13:52:20 - WiadomoŇń od: adrian.janczewski@wp.pl
--------------------------------------------------------------
Witam, piszńô z zapytaniem skńÖd wzińôŇāa sińô cena 510 tysińôcy netto (butto to okolo 550 tysiecy) "pod klucz", skoro firma z PaŇĄstwa strony Apis wycenia ten dom na okoŇāo 675 tysińôcy brutto. Wycenńô zrobiŇāa inna firma? JeŇõli tak to poproszńô chociaz o numer. Pozdrawiam i czekam na odpowiedŇļ Janczewski Adrian
--------------------------------------------------------------
Referer: https://www.studioatrium.pl/projekty-domow/Pliszka-iv,1314.html
User agent: Mozilla/5.0 (Linux; Android 10; K) AppleWebKit/537.36 (KHTML, like Gecko) Chrome/123.0.0.0 Mobile Safari/537.36
IP: 37.248.152.221
##############################################################

2024-04-10 18:26:25 - WiadomoŇń od: michal310798@onet.pl
--------------------------------------------------------------
Witam, 
czy projekt zawiera projekt rekuperacji ?
--------------------------------------------------------------
Referer: https://www.studioatrium.pl/projekty-domow/Sardynia-xi,1478.html
User agent: Mozilla/5.0 (Windows NT 10.0; Win64; x64) AppleWebKit/537.36 (KHTML, like Gecko) Chrome/123.0.0.0 Safari/537.36
IP: 31.182.146.178
##############################################################

2024-04-11 16:48:49 - WiadomoŇń od: michal310798@onet.pl
--------------------------------------------------------------
Witam, 
Dzińôkujńô za poprzednie odpowiedzi do moich zapytaŇĄ. 
Jestem zainteresowany zakupem projektu ale przed ostatecznńÖ finalizacjńÖ zakupu chciaŇābym dopytańá o kilka szczeg√≥Ňā√≥w, to czego oczekuje do tego projektu :
1. Zmiana materiaŇāy budowlanego na bloczek kom√≥rkowy H+H. 
2. Strop monolityczny/lany lub teriva lub strop panelowy lekki smart (w zaleŇľnoŇõci od moŇľliwoŇõci zastosowania w projekcie) 

W rozmowie telefonicznej z konsultantem otrzymaŇāem informacje Ňľe ze zmianńÖ materiaŇāu budowalnego nie bńôdzie problemu. Projekt rekuperacji r√≥wnieŇľ moŇľna dokupińá. Oraz jako Ňļr√≥dŇāo ogrzewania - pompa ciepŇāa.

Proszńô o informacje odnoŇõnie punkt√≥w powyŇľej kt√≥re sńÖ dla mnie najistotniejsze. Mam juŇľ wydane WZ do tego projektu ale we wczeŇõniejszym etapie nie doczytaŇāem informacji o stropie.
--------------------------------------------------------------
Referer: https://www.studioatrium.pl/projekty-domow/Sardynia-xi,1478.html
User agent: Mozilla/5.0 (Windows NT 10.0; Win64; x64) AppleWebKit/537.36 (KHTML, like Gecko) Chrome/123.0.0.0 Safari/537.36
IP: 31.182.146.178
##############################################################

2024-04-13 20:54:52 - WiadomoŇń od: greg.rutkowskii@gmail.com
--------------------------------------------------------------
DzieŇĄ dobry, chciaŇābym zapytańá o koszt zmian w projekcie. ChciaŇābym przerobińá dach na dwuspad oraz zlikwidowańá garaŇľ.
--------------------------------------------------------------
Referer: https://www.studioatrium.pl/projekty-domow/Krasnal-ii,568.html
User agent: Mozilla/5.0 (Windows NT 10.0; Win64; x64; rv:124.0) Gecko/20100101 Firefox/124.0
IP: 91.145.179.51
##############################################################

2024-04-14 12:34:46 - WiadomoŇń od: imielinska@wp.pl
--------------------------------------------------------------
DzieŇĄ dobry. JeŇľeli  istnieje moŇľliwoŇõńá objńôcia go proponowanńÖ promocjńÖ, to chńôtnie go kupińô. Pozdrawiam Beata.
--------------------------------------------------------------
Referer: https://www.studioatrium.pl/projekty-domow/Mak,252.html
User agent: Mozilla/5.0 (Linux; Android 10; K) AppleWebKit/537.36 (KHTML, like Gecko) SamsungBrowser/24.0 Chrome/117.0.0.0 Mobile Safari/537.36
IP: 83.7.213.88
##############################################################

2024-04-14 17:51:55 - WiadomoŇń od: tinospec@interia.pl
--------------------------------------------------------------
DzieŇĄ dobry. Czy istnieje moŇľliwoŇõńá dokonania w projekcie poniŇľszych zmian? 1. Zmiana polegajńÖca na likwidacji pokoju w pomieszczeniu numer 3 (parter) i przeniesienia tam kotŇāowni wraz z uwzglńôdnieniem naniesienia drzwi do garaŇľu.
2. Zmiana obecnej kotŇāowni w pomieszczeniu nr 4 na pralnińô z wyjŇõciem na ogr√≥d w miejsce obecnego okna z uwzglńôdnieniem przesunińôcia otworu w lewo, tak, by na obecnej Ňõcianie z umywalkńÖ pozostaŇāa przestrzeŇĄ na umiejscowienie regaŇāu.
3. Likwidacja w Ňāazience na parterze (pomieszczenie nr 5) prysznica i pralki, a pozostawienie jedynie wc i umywalki) - czy w tym przypadku istniaŇāaby moŇľliwoŇõńá przesunińôcia Ňõciany rozdzielajńÖcej pomieszczenia 4 i 5 oraz okna w pomieszczeniu nr 5 (Ňāazience) w stronńô salonu? Zmniejszenie Ňāazienki i powińôkszenie pomieszczenia nr 4 zapewne niwelowaŇāoby potrzebńô przemieszczania otworu okiennego/drzwi wyjŇõciowych na ogr√≥d w pokoju numer 4. 

Czy w tym projekcie moŇľliwa jest realizacja instalacji kominka z pŇāaszczem wodnym?
--------------------------------------------------------------
Referer: https://www.studioatrium.pl/projekty-domow/Astra-iii,1229.html
User agent: Mozilla/5.0 (Windows NT 10.0; Win64; x64; rv:124.0) Gecko/20100101 Firefox/124.0
IP: 109.173.223.55
##############################################################

2024-04-15 09:28:11 - WiadomoŇń od: rzesniowieckidaniel@gmail.com
--------------------------------------------------------------
Witam jaki strop jest w tym projekcie ?
--------------------------------------------------------------
Referer: https://www.studioatrium.pl/projekty-domow/Wektor-xii,1659.html
User agent: Mozilla/5.0 (Linux; Android 10; K) AppleWebKit/537.36 (KHTML, like Gecko) Chrome/123.0.0.0 Mobile Safari/537.36
IP: 5.173.149.37
##############################################################

2024-04-16 13:05:33 - WiadomoŇń od: kingaklimczyk@gmail.com
--------------------------------------------------------------
DzieŇĄ dobry, czy moŇľna prosińá o dodatkowe rysunki domu wraz z wymiarami?
Pozdrawiam
Kinga Klimczyk
--------------------------------------------------------------
Referer: https://www.studioatrium.pl/projekty-domow/Orbis,913.html
User agent: Mozilla/5.0 (Linux; Android 10; K) AppleWebKit/537.36 (KHTML, like Gecko) Chrome/123.0.0.0 Mobile Safari/537.36
IP: 37.47.80.207
##############################################################

2024-04-16 16:05:20 - WiadomoŇń od: adam.syrek@gmail.com
--------------------------------------------------------------
DzieŇĄ dobry,


jestem zainteresowany kupnem projektu Muna III w odbiciu lustrzanym w wersji z pompńÖ ciepŇāa. W koszyku na PaŇĄstwa stronie jest napisane, aby sińô z PaŇĄstwem skontaktowańá przed zam√≥wieniem takiego projektu. Jaki jest termin realizacji projektu w wersji z pompńÖ ciepŇāa oraz jakie informacje sńÖ wymagane do przygotowania takiego projektu?


Z powaŇľaniem,
Adam Syrek
--------------------------------------------------------------
Referer: https://www.studioatrium.pl/projekty-domow/Muna-iii,1549,lustro.html
User agent: Mozilla/5.0 (Windows NT 10.0; Win64; x64) AppleWebKit/537.36 (KHTML, like Gecko) Chrome/123.0.0.0 Safari/537.36
IP: 185.5.68.212
##############################################################

2024-04-17 14:19:28 - WiadomoŇń od: a.budzik84@gmail.com
--------------------------------------------------------------
Witam, chciaŇāam zapytańá czy tworzycie projekty i je wykonujecie. ChciaŇāam dobudowańá w jakiŇõ spos√≥b szklane Ňõcianki (okna) pod okrńÖgŇāym tarasem. Stworzyńá tam coŇõ w stylu zimowego ogrodu. 
W razie potrzeby mogńô podesŇāańá zdjńôcie tarasu.
Pozdrawiam 
Agnieszka Budzik
--------------------------------------------------------------
Referer: https://www.studioatrium.pl/artykuly/Ogrod-zimowy,442.html
User agent: Mozilla/5.0 (iPhone; CPU iPhone OS 17_4_1 like Mac OS X) AppleWebKit/605.1.15 (KHTML, like Gecko) Version/17.4.1 Mobile/15E148 Safari/604.1
IP: 104.28.131.102
##############################################################

2024-04-17 19:19:40 - WiadomoŇń od: grazynakordek@tlen.pl
--------------------------------------------------------------
Czy moŇľna prosińá o rysunki szczeg√≥Ňāowe projektu pliszka 3.
Czy moŇľna w tym domu zamontowańá pompńô ciepŇāa?
--------------------------------------------------------------
Referer: https://www.studioatrium.pl/projekty-domow/Pliszka-iii,1247.html
User agent: Mozilla/5.0 (Windows NT 10.0; Win64; x64) AppleWebKit/537.36 (KHTML, like Gecko) Chrome/109.0.0.0 Safari/537.36
IP: 185.21.87.19
##############################################################

2024-04-18 12:08:05 - WiadomoŇń od: Patrykbednarek123@wp.pl
--------------------------------------------------------------
DzieŇĄ dobry ! Ile dni trzeba czekańá na realizacjńô projektu Bosfor III ?
--------------------------------------------------------------
Referer: https://www.studioatrium.pl/projekty-domow/Bosfor-iii,1598,lustro.html
User agent: Mozilla/5.0 (Linux; Android 10; K) AppleWebKit/537.36 (KHTML, like Gecko) Chrome/123.0.0.0 Mobile Safari/537.36
IP: 83.25.0.118
##############################################################

2024-04-19 08:10:10 - WiadomoŇń od: wojciechr1@o2.pl
--------------------------------------------------------------
DzieŇĄ Dobry
Czy w projekcie jest ocieplenie ogniomur√≥w i jak zostaŇāo zaprojektowane ocieplenie ogniomur√≥w od wewnńÖtrz? JakńÖ gruboŇõńá majńÖ attyki z ociepleniem
Pozdrawiam ElŇľbieta
--------------------------------------------------------------
Referer: https://www.studioatrium.pl/projekty-domow/Salsa,727.html
User agent: Mozilla/5.0 (Windows NT 10.0; Win64; x64; rv:125.0) Gecko/20100101 Firefox/125.0
IP: 79.188.174.178
##############################################################

2024-04-20 11:53:02 - WiadomoŇń od: mscislewska.ms@gmail.com
--------------------------------------------------------------
Witam serdecznie.
JesteŇõmy zainteresowani projektem Jupiter x ale chcielibyŇõmy nanieŇõ pewne zmiany w projekcie. Czy paŇĄstwo jesteŇõcie w stanie takie zmiany uwzglńôdnińá?
Chodzi przede wszystkim o zmianńô materiaŇāu z cegŇāy na beton kom√≥rkowy systemu H+H, chcielibyŇõmy teŇľ Ňľeby z garaŇľu byŇāy drzwi, prowadzńÖce na zewnńÖtrz, w miejscu obecnego okna, taras chcielibyŇõmy zmniejszyńá, jak w modelu jupiter XVI i w zwińÖzku z tym usunńÖńá jedne drzwi tarasowe i zastńÖpińá je oknem oraz poŇāńÖczyńá pomieszczenia na pińôtrze nr 5 i 6 tworzńÖc w ich miejscu dodatkowńÖ sypialnińô.
Czekamy niecierpliwie na odpowiedŇļ
MaŇāgorzata i Krzysztof ŇöciŇõlewscy
--------------------------------------------------------------
Referer: https://www.studioatrium.pl/projekty-domow/Jupiter-x,1029.html
User agent: Mozilla/5.0 (Windows NT 10.0; Win64; x64) AppleWebKit/537.36 (KHTML, like Gecko) Chrome/124.0.0.0 Safari/537.36
IP: 78.11.183.135
##############################################################

2024-04-20 18:51:35 - WiadomoŇń od: marcin.sieciechowicz@gmail.com
--------------------------------------------------------------
DzieŇĄ dobry, 
Jestem juŇľ na 99% zdecydowany na ten projekt, ale zastanawia mnie jedno - jakiŇõ czas temu zam√≥wiŇāem wycenńô wstńôpnńÖ przez WaszńÖ stronńô i dostaŇāem jńÖ od firmy Apis. Generalnie oferta mi sińô podoba i jest wyliczona w technologii szkieletowej, do kt√≥rej skŇāaniaŇābym sińô, a jednak na stronie widzńô sprzedaŇľ wersji murowanej. Jak to dziaŇāa jeŇõli chciaŇābym wersjńô szkieletowńÖ?
Kolejne pytanie, to czy jest znana jakńÖŇõ realizacja takiego projektu? Bardzo chciaŇābym zobaczyńá na Ňľywo zanim "wbijńô Ňāopatńô". 
Proszńô o odpowiedŇļ. Pozdrawiam
--------------------------------------------------------------
Referer: https://www.studioatrium.pl/projekty-domow/Rys,1602.html
User agent: Mozilla/5.0 (X11; Linux x86_64) AppleWebKit/537.36 (KHTML, like Gecko) Chrome/123.0.0.0 Safari/537.36
IP: 5.173.43.71
##############################################################

2024-04-21 11:45:05 - Skeleton query: Email: paulawegrzynek99@wp.pl
Phone: 668764953
Name: PAULINA WńėGRZYNEK
----------------------------

2024-04-21 17:34:46 - WiadomoŇń od: adam.wisniewski1996@gmail.com
--------------------------------------------------------------
DzieŇĄ dobry, chciaŇābym sińô dowiedzieńá jaki jest koszt zmiany kńÖta nachylenia dachu w projekcie RyŇõ II z30 na 35 stopni ?
--------------------------------------------------------------
Referer: https://www.studioatrium.pl/projekty-domow/Rys-ii,1474.html
User agent: Mozilla/5.0 (iPhone; CPU iPhone OS 17_4_1 like Mac OS X) AppleWebKit/605.1.15 (KHTML, like Gecko) Version/17.4.1 Mobile/15E148 Safari/604.1
IP: 79.163.173.51
##############################################################

2024-04-21 18:24:13 - WiadomoŇń od: korytowski.pawel@gmail.com
--------------------------------------------------------------
DzieŇĄ dobry.
mam kilka pytaŇĄ dotyczńÖcych projektu Roberto wersja lustrzane odbicie
1. Czy dostńôpny jest projekt z pompńÖ ciepŇāa 
2. czy moŇľliwe jest zmiana materiaŇāu noŇõnego na beton kom√≥rkowy - mam na myŇõli ytong w wersji forte 24 cm.
3. Jaka przewidziana jest gruboŇõńá izolacji termicznej zewnńôtrznej. Oraz jaki standard  WT speŇānia/moŇľe speŇāniańá budynek .
4. czy moŇľna dla wygody otrzymańá wersjńô elektronicznńÖ projektu.
5. czy moŇľna u paŇĄstwa zam√≥wińá maŇāe zmiany w projekcie ( niewielkńÖ zmianńô w ukŇāadzie Ňõcian dziaŇāowych oraz zamianńô miejscami pomieszczenia 6. ( Ňāazienka) z pomieszczeniem 8 ( pok√≥j 8,4 m2 ) wraz ze zmianami w instalacji.
7. czy dostńôpny jest dla tego projektu projekt rekuperacji ? JeŇľeli tak - proszńô o przesŇāanie.
8. czy istnieje zestawienie materiaŇāowe dla tego projektu w obecnej wersji ? JeŇľeli tak - proszńô o przesŇāanie.
9. Czy istniejńÖ jakieŇõ rysunki bardziej szczeg√≥Ňāowe od zamieszczonych na stronie? JeŇľeli tak - proszńô o przesŇāanie.

pozdrawiam
--------------------------------------------------------------
Referer: https://www.studioatrium.pl/projekty-domow/Roberto,1380,lustro.html
User agent: Mozilla/5.0 (Windows NT 10.0; Win64; x64) AppleWebKit/537.36 (KHTML, like Gecko) Chrome/124.0.0.0 Safari/537.36
IP: 77.255.210.52
##############################################################

2024-04-23 08:14:11 - WiadomoŇń od: p.zabojszcz@epoca.pl
--------------------------------------------------------------
DzieŇĄ dobry, czy jest moŇľliwoŇõńá zam√≥wienia projektu z kotŇāownińÖ gazowńÖ, jeŇõli tak to jaki jest koszt aneksu?

Pozdrawiam
PrzemysŇāaw Zabojszcz
Pracownia Projektowa EPOCA
tel. 58 683 50 48
--------------------------------------------------------------
Referer: https://www.studioatrium.pl/projekty-domow/Ostoja-vii,966.html
User agent: Mozilla/5.0 (Windows NT 5.1; rv:52.0) Gecko/20100101 Firefox/52.0
IP: 176.221.124.194
##############################################################

2024-04-23 18:15:47 - WiadomoŇń od: slawomirdjurczak@wp.pl
--------------------------------------------------------------
Garaz z15 
Wysokosc w nizszym punkcie ile ma
--------------------------------------------------------------
Referer: https://www.studioatrium.pl/projekty-garazy/Z-15,370.html
User agent: Mozilla/5.0 (Linux; Android 10; K) AppleWebKit/537.36 (KHTML, like Gecko) Chrome/123.0.0.0 Mobile Safari/537.36
IP: 83.26.199.224
##############################################################

2024-04-23 20:18:00 - WiadomoŇń od: Magdalenaadamczewska@gmail.com
--------------------------------------------------------------
DzieŇĄ dobry,
Jak dŇāugo czeka sie na ten projekt.
WyczytaŇāam Ňľe ze wzglńôdu na nowe rozporzńÖdzenia bńôdńÖ jakieŇõ zmiany, w jakim kontekŇõcie mogńÖ byńá te zmiany?
--------------------------------------------------------------
Referer: https://www.studioatrium.pl/projekty-domow/Hacjenda,396,lustro.html
User agent: Mozilla/5.0 (Linux; Android 10; K) AppleWebKit/537.36 (KHTML, like Gecko) Chrome/123.0.0.0 Mobile Safari/537.36
IP: 31.183.132.127
##############################################################

2024-04-24 09:06:03 - WiadomoŇń od: bozenalatka@op.pl
--------------------------------------------------------------
Witam jestem zainteresowana tym projektem, jaki jest termin realizacji projektu z wariantem z pompńÖ ciepŇāa. Pozdrawiam BoŇľena ŇĀatka
--------------------------------------------------------------
Referer: https://www.studioatrium.pl/projekty-domow/Pelikan-xx,1547.html
User agent: Mozilla/5.0 (Windows NT 10.0; Win64; x64) AppleWebKit/537.36 (KHTML, like Gecko) Chrome/123.0.0.0 Safari/537.36
IP: 85.11.77.90
##############################################################

2024-04-26 10:49:56 - Skeleton query: Email: edaa17@wp.pl
Phone: 579972400
Name: eda
----------------------------

2024-04-27 10:29:53 - WiadomoŇń od: dami.k@o2.pl
--------------------------------------------------------------
DzieŇĄ dobry. Czy posiadajńÖ PaŇĄstwo projekt kos plus w wersji ze Ňõcianami z betonu kom√≥rkowego bńÖdŇļ z silikatu i stropem monolitycznym?
--------------------------------------------------------------
Referer: https://www.studioatrium.pl/projekty-domow/Kos-plus,1340.html?gad_source=1&gclid=CjwKCAjwxLKxBhA7EiwAXO0R0G27BxMHMnlpldgBQB8JFmwggwnk8IUAgMhg7cu2ERdOpoqFEKYfvRoCrRcQAvD_BwE
User agent: Mozilla/5.0 (Linux; Android 10; K) AppleWebKit/537.36 (KHTML, like Gecko) Chrome/123.0.0.0 Mobile Safari/537.36
IP: 46.113.8.79
##############################################################

2024-04-28 15:40:07 - WiadomoŇń od: kasjaniuk@int.pl
--------------------------------------------------------------
DzieŇĄ dobry, czy jest moŇľliwoŇõńá zmiany wymiar√≥w altanki na 488 x 292 (cm), oraz projekt bez tego gila/wńôdzarki.
--------------------------------------------------------------
Referer: https://www.studioatrium.pl/projekty/altany/A-104,1252.html
User agent: Mozilla/5.0 (Windows NT 10.0; Win64; x64) AppleWebKit/537.36 (KHTML, like Gecko) Chrome/124.0.0.0 Safari/537.36
IP: 195.136.175.61
##############################################################

2024-04-29 10:29:07 - Skeleton query: Email: karolszmaj@gmail.com
Phone: 694608037
Name: Karol
----------------------------

2024-04-29 11:55:45 - WiadomoŇń od: jan.belzerowski@gmail.com
--------------------------------------------------------------
DzieŇĄ dobry,

Na jaki adres e-mail kierowańá proŇõbńô o wyraŇľenie zgody na zmiany w projekcie typowym przy adaptacji?
--------------------------------------------------------------
Referer: https://www.studioatrium.pl/projekty-domow/tanie-w-budowie/?a=1&gad_source=1&gclid=Cj0KCQjwir2xBhC_ARIsAMTXk865FJaeOjDqrhFcvv9jLkNiglWa4Yv7Vr2i92klVCoG9FzD6hUcmngaAm25EALw_wcB
User agent: Mozilla/5.0 (Windows NT 10.0; Win64; x64; rv:125.0) Gecko/20100101 Firefox/125.0
IP: 188.125.136.51
##############################################################

2024-04-30 08:08:00 - WiadomoŇń od: natalia.suchecka@extradach.pl
--------------------------------------------------------------
Witam chciaŇāabym policzyc bloczki fundamentowe oraz solbet kl 600 24 i 12 czy mogńô prosińá o zestawienie materiaŇāowe albo rzuty w wymiarami ???
--------------------------------------------------------------
Referer: https://www.studioatrium.pl/projekty-domow/Ricardo-bis,1312.html
User agent: Mozilla/5.0 (Windows NT 10.0; Win64; x64; rv:125.0) Gecko/20100101 Firefox/125.0
IP: 91.235.254.146
##############################################################

2024-04-30 10:03:40 - WiadomoŇń od: brash@tlen.pl
--------------------------------------------------------------
Proszńô o propozycje cenowńÖ projektu MUNA 3 (lustrzane odbicie) BEZ POMPY CIEPŇĀA  poniewaŇľ nie chciaŇābym kupowańá od poŇõrednik√≥w tylko od wŇāaŇõciciela projektu  w razie potrzeby proszńô o kontakt tel. 502128661
--------------------------------------------------------------
Referer: https://www.studioatrium.pl/projekty-domow/Muna-iii,1549.html
User agent: Mozilla/5.0 (Windows NT 10.0; Win64; x64) AppleWebKit/537.36 (KHTML, like Gecko) Chrome/123.0.0.0 Safari/537.36 Edg/123.0.0.0
IP: 194.0.181.147
##############################################################

