2024-01-01 13:28:43 - WiadomoŇń od: aldona.michalska79@wp.pl
--------------------------------------------------------------
DzieŇĄ dobry,jaki jest strop w tym projekcie?
--------------------------------------------------------------
Referer: https://www.studioatrium.pl/projekty-domow/Sardynia-plus,1087.html
User agent: Mozilla/5.0 (Linux; Android 10; K) AppleWebKit/537.36 (KHTML, like Gecko) Chrome/120.0.0.0 Mobile Safari/537.36
IP: 37.109.145.106
##############################################################

2024-01-02 11:25:44 - WiadomoŇń od: kozlowskihubert@gmail.com
--------------------------------------------------------------
Jestem zainteresowany projektem Ondraszek 2 chciaŇābym wykonańá w nim kilka zmian polegajńÖcych na:
1. Poszerzenie Ňõcian przy kt√≥rych znajduje sińô salon, by budynek miaŇā ksztaŇāt prostokńÖta a nie litery T (dotyczy takŇľe piwnicy i pińôtra) 
2. WydŇāuŇľeniu dachu nad balkonem i tarasem, tak by zadaszenie tarasu miaŇāo ok 5 m dŇāugoŇõci.
3. ZastńÖpienie przedsionka samym daszkiem bez Ňõcian i okien (wejŇõcia) 
4.  WyŇľsze okno w jadalni / salonie(po powyŇľszym przedŇāuŇľeniu Ňõcian) i z parapetem na kt√≥rym moŇľna siadańá.
5. Powińôkszenie lukarn, tak Ňľeby mieŇõciŇāo sińô w nich takie same okna jak na dole, wraz z okiennicami
6.  Kilka a zmian w ukŇāadzie Ňõcianek dziaŇāowych ale to juŇľ na etapie wykonawstwa
7. Dodatkowo chciaŇābym zaprojektowańá wiatńô na 2 samochody przed budynkiem

Posiadam dziaŇākńô numer 192/5 w LubliŇĄcu - ulica Chabrowa 65.
Planujńô w najbliŇľszym czasie wznieŇõńá na niej drewniany domek caŇāoroczny na zgŇāoszenie 5x7 m powierzchni zabudowy (gotowy domek budowany przez firmńô w tydzieŇĄ) - potrzebujńô przygotowania dokument√≥w (gŇā√≥wnie wyrysu) do zgŇāoszenia budowy i wykonania przyŇāńÖczy do tego budynku jak i do budynku z projektu, do kt√≥rego budowy przystńÖpińô po wybudowaniu tego maŇāego domku. Interesuje mnie takŇľe projekt aranŇľacji dziaŇāki uwzglńôdniajńÖcy wjazdy / rondo przed duŇľym domem, oba domki, studnie gŇāńôbinowńÖ kilka obiekt√≥w maŇāej architektury jak kojec dla psa, kurnik, domek narzńôdziowy, oczko wodne, ogr√≥dek warzywny, plac zabaw dla dzieci. 

Pozdrawiam i proszńô o wycenńô i odpowiedŇļ.
--------------------------------------------------------------
Referer: https://www.studioatrium.pl/projekty-domow/Ondraszek-ii,855.html
User agent: Mozilla/5.0 (Linux; Android 10; Armor 9) AppleWebKit/537.36 (KHTML, like Gecko) Chrome/119.0.6045.193 Mobile Safari/537.36 OPR/79.3.4195.76674
IP: 46.134.178.234
##############################################################

2024-01-02 22:12:27 - WiadomoŇń od: lew0007@tlen.pl
--------------------------------------------------------------
Proszńô o bezpŇāatny katalog w formie ksiazkowej
--------------------------------------------------------------
Referer: https://www.studioatrium.pl/katalog-projektow.html
User agent: Mozilla/5.0 (Linux; Android 10; K) AppleWebKit/537.36 (KHTML, like Gecko) Chrome/120.0.0.0 Mobile Safari/537.36
IP: 31.0.47.7
##############################################################

2024-01-03 16:29:58 - WiadomoŇń od: joannapaszkot@interia.pl
--------------------------------------------------------------
DzieŇĄ dobry. Jestem zainteresowana tym projektem. Czy cena wskazana za projekt jest aktualna? Dzińôkujńô Joanna
--------------------------------------------------------------
Referer: https://www.studioatrium.pl/projekty-domow/Roberto,1380.html
User agent: Mozilla/5.0 (Linux; Android 10; K) AppleWebKit/537.36 (KHTML, like Gecko) Chrome/120.0.0.0 Mobile Safari/537.36
IP: 78.30.66.147
##############################################################

2024-01-07 20:35:20 - WiadomoŇń od: gureckizenon8832@o2.pl
--------------------------------------------------------------
Proszńô o wińôcej informacji na temat projektu ROBERTO , lub podobny
--------------------------------------------------------------
Referer: https://www.studioatrium.pl/katalog-projektow.html
User agent: Mozilla/5.0 (Linux; Android 10; K) AppleWebKit/537.36 (KHTML, like Gecko) Chrome/120.0.0.0 Mobile Safari/537.36
IP: 83.22.14.209
##############################################################

2024-01-08 11:10:09 - WiadomoŇń od: narcizo.bucic@gmail.com
--------------------------------------------------------------
Possible to get ghe lay out of Modest II and Madera II on my mail [ to chose one )
Thanks 
Narcizo Bucic
--------------------------------------------------------------
Referer: https://www.studioatrium.pl/projekty-domow/Modest-ii,1536.html
User agent: Mozilla/5.0 (Linux; Android 13; SAMSUNG SM-A145R) AppleWebKit/537.36 (KHTML, like Gecko) SamsungBrowser/19.0 Chrome/102.0.5005.125 Mobile Safari/537.36
IP: 196.129.86.107
##############################################################

2024-01-10 16:09:36 - WiadomoŇń od: jacek295@tlen.pl
--------------------------------------------------------------
JesteŇõmy na etapie kupna dziaŇāki budowlanej, na kt√≥rńÖ szukamy projektu domu, koniecznie parterowego. DziaŇāka ma ksztaŇāt nieregularnego czworokńÖta, tj szerokoŇõńá jedynie okoŇāo 15,43 m w najwńôŇľszym miejscu ( w gŇāńôbi dziaŇāki szerokoŇõńá systematycznie nieznacznie sińô powińôksza), a dŇāugoŇõńá okoŇāo 60 m. ChciaŇābym dowiedzieńá sińô czy majńÖ PaŇĄstwo jakikolwiek projekt domu parterowego na takńÖ wńÖskńÖ dziaŇākńô ?
Dzińôkujńô i pozdrawiam,
Jacek
--------------------------------------------------------------
Referer: https://www.studioatrium.pl/
User agent: Mozilla/5.0 (Linux; Android 10; K) AppleWebKit/537.36 (KHTML, like Gecko) Chrome/121.0.0.0 Mobile Safari/537.36
IP: 185.207.148.98
##############################################################

2024-01-11 14:23:28 - WiadomoŇń od: mag1979@tlen.pl
--------------------------------------------------------------
Proszńô o przesŇāanie bezpŇāatnego katalogu na adres Magdalena Sagadyn ul. GŇāogowa 5a 22-400 ZamoŇõńá.Dziekujńô
--------------------------------------------------------------
Referer: https://www.studioatrium.pl/katalog-projektow.html
User agent: Mozilla/5.0 (Linux; Android 10; K) AppleWebKit/537.36 (KHTML, like Gecko) Chrome/120.0.0.0 Mobile Safari/537.36
IP: 31.0.73.63
##############################################################

2024-01-11 16:50:52 - WiadomoŇń od: bsobczyszczak@wp.pl
--------------------------------------------------------------
czy moŇľna zam√≥wińá lustrzane odbicie?
--------------------------------------------------------------
Referer: https://www.studioatrium.pl/projekty/altany/A-103,1251.html
User agent: Mozilla/5.0 (Windows NT 10.0; Win64; x64) AppleWebKit/537.36 (KHTML, like Gecko) Chrome/120.0.0.0 Safari/537.36 Edg/120.0.0.0
IP: 89.71.221.237
##############################################################

2024-01-12 08:52:56 - WiadomoŇń od: palej.justyna@gmail.com
--------------------------------------------------------------
DzieŇĄ dobry,
ChciaŇāam zapytańá jakie sńÖ warunki zakupu projektu w fazie koncepcji, jaki dŇāugi jest czas oczekiwania na peŇānńÖ dokumentacjńô.
Pozdrawiam,
Justyna Potoczak
--------------------------------------------------------------
Referer: https://www.studioatrium.pl/projekty-domow/Ricky-ii,1666.html
User agent: Mozilla/5.0 (Windows NT 6.1; Win64; x64; rv:109.0) Gecko/20100101 Firefox/115.0
IP: 185.172.85.186
##############################################################

2024-01-13 09:06:01 - WiadomoŇń od: zdzislaw.chudnicki@gmail.com
--------------------------------------------------------------
DzieŇĄ dobry. Poproszńô o wysŇāanie kosztorysu domu PLISZKA IV.
--------------------------------------------------------------
Referer: https://www.studioatrium.pl/projekty-domow/Pliszka-iv,1314.html
User agent: Mozilla/5.0 (Windows NT 10.0; Win64; x64) AppleWebKit/537.36 (KHTML, like Gecko) Chrome/120.0.0.0 Safari/537.36
IP: 185.235.206.66
##############################################################

2024-01-13 12:22:45 - WiadomoŇń od: e.lazicka@gmail.com
--------------------------------------------------------------
DzieŇĄ dobry, chciaŇāabym dowiedzieńá sińô czy istniaŇāaby moŇľliwoŇõńá wprowadzenia drobnych zmian w projekcie tj. powińôkszenia kotŇāowni o ok.60cm w stronńô kuchni ? Ile kosztowaŇāyby ewentualne zmiany?
Pozdrawiam,
Ewa PawŇāowska
--------------------------------------------------------------
Referer: https://www.studioatrium.pl/projekty-domow/Tango-iv-sz,1682.html
User agent: Mozilla/5.0 (Windows NT 10.0; Win64; x64) AppleWebKit/537.36 (KHTML, like Gecko) Chrome/120.0.0.0 Safari/537.36 Edg/120.0.0.0
IP: 31.60.133.137
##############################################################

2024-01-15 08:54:18 - WiadomoŇń od: ewa_maniek@vp.pl
--------------------------------------------------------------
Witam serdecznie
OdnoŇõnie projektu sfinks IV, strop poddasza noŇõny, podpiwniczenie budynku w czńôŇõci i wejŇõcie do piwnicy z czńôŇõci garaŇľowej. Ostatni pok√≥j i taras wydŇāuzony . Pozdrawiam Mariusz 

Mariusz OŇāpiŇĄski
tel. 691517224
--------------------------------------------------------------
Referer: https://www.studioatrium.pl/projekty-domow/Sfinks-iv,977,lustro.html
User agent: Mozilla/5.0 (Windows NT 10.0; Win64; x64; rv:109.0) Gecko/20100101 Firefox/119.0
IP: 82.177.93.210
##############################################################

2024-01-16 19:53:41 - WiadomoŇń od: gucio008@o2.pl
--------------------------------------------------------------
DzieŇĄ dobry, 

Jestem zdecydowany na zakup projektu bosfor, Na stronie znalazŇāem informacjńô ze jak znajdńô taniej ten projekt to mam pisańá. Bardzo proszńô o informacje czy jest moŇľliwoŇõńá negocjacji ceny.

Pozdrawiam
--------------------------------------------------------------
Referer: https://www.studioatrium.pl/projekty-domow/Bosfor,1538.html
User agent: Mozilla/5.0 (Windows NT 10.0; Win64; x64) AppleWebKit/537.36 (KHTML, like Gecko) Chrome/120.0.0.0 Safari/537.36
IP: 77.222.224.199
##############################################################

2024-01-16 20:49:26 - WiadomoŇń od: zofdow@gmail.com
--------------------------------------------------------------
DzieŇĄ dobry, chciaŇāabym zapytańá, czy jest moŇľliwoŇõńá przygotowania projektu Jaworzyna II bez garaŇľu, z czńôŇõciowym podpiwniczeniem? ZaleŇľaŇāoby mi na wersji taŇĄszej w budowie. 

Czy umiejscowienie poszczeg√≥lnych elewacji domu wzglńôdem kierunk√≥w wznoszenia i opadania terenu jest okreŇõlone w projekcie?

Czy jest moŇľliwoŇõńá zrobienia trzeciej sypialni na pietrze i zmniejszenia powierzchni Ňāazienki?
--------------------------------------------------------------
Referer: https://www.studioatrium.pl/projekty-domow/Jaworzyna-ii,1608,lustro.html
User agent: Mozilla/5.0 (Windows NT 10.0; Win64; x64; rv:121.0) Gecko/20100101 Firefox/121.0
IP: 193.164.254.113
##############################################################

2024-01-17 07:52:27 - WiadomoŇń od: tanaholan@icloud.com
--------------------------------------------------------------
DzieŇĄ dobry, czy istnieje moŇľliwoŇõńá dostarczenia dom√≥w do Czech (Olomuniecz 779 00)
Dzińôkujńô,
Tana Holanova
+420 724 585 598
--------------------------------------------------------------
Referer: https://www.studioatrium.pl/projekty-domow/Tango-v,1632.html
User agent: Mozilla/5.0 (iPhone; CPU iPhone OS 16_6 like Mac OS X) AppleWebKit/605.1.15 (KHTML, like Gecko) GSA/298.0.595435837 Mobile/15E148 Safari/604.1
IP: 37.188.140.23
##############################################################

2024-01-18 02:09:58 - WiadomoŇń od: guilherme@gamefield.com.br
--------------------------------------------------------------
Hello, can I buy and execute this project Malta 2 even though I am in Brazil? Thanks
--------------------------------------------------------------
Referer: https://www.studioatrium.pl/projekty-domow/Malta-ii,1348.html
User agent: Mozilla/5.0 (Windows NT 10.0; Win64; x64) AppleWebKit/537.36 (KHTML, like Gecko) Chrome/120.0.0.0 Safari/537.36
IP: 177.220.180.58
##############################################################

2024-01-18 16:32:35 - WiadomoŇń od: biuro@jmm-budownictwo.pl
--------------------------------------------------------------
Szanowni PaŇĄstwo,

Jako pracownia projektowa wykonujńÖca m.in. adaptacje projekt√≥w gotowych, w imieniu naszego Klienta zwracam sińô z proŇõbńÖ o udostńôpnienie rysunk√≥w pokazowych z wymiarami dla projektu Marsylia w wersji odbicie lustrzane. Kluczowe dla nas jest speŇānienie parametr√≥w zabudowy okreŇõlonych w DOWZ dotyczńÖcych wysokoŇõci do okapu, wysokoŇõci caŇākowitej budynku oraz dŇāugoŇõci elewacji frontowej.
KorzystajńÖc z okazji poproszńô r√≥wnieŇľ o ofertńô na odsprzedanie PaŇĄstwa projektu, jeŇõli klient zdecyduje sińô na zakup poprzez naszńÖ pracownińô.

Z powaŇľaniem,

Marcin Milewczyk
695 650 862
--------------------------------------------------------------
Referer: https://www.studioatrium.pl/projekty-domow/Marsylia,1532.html
User agent: Mozilla/5.0 (Windows NT 10.0; Win64; x64) AppleWebKit/537.36 (KHTML, like Gecko) Chrome/120.0.0.0 Safari/537.36
IP: 212.109.164.166
##############################################################

2024-01-18 19:31:48 - WiadomoŇń od: barbara.sowa@icloud.com
--------------------------------------------------------------
Czy mogńÖ paŇĄstwo zaoferowańá rabat na ten projekt? Jaka byŇāaby ostateczna cena?
--------------------------------------------------------------
Referer: https://www.studioatrium.pl/projekty-domow/Ricardo-lift-iv,1556.html
User agent: Mozilla/5.0 (iPhone; CPU iPhone OS 16_2 like Mac OS X) AppleWebKit/605.1.15 (KHTML, like Gecko) Version/16.2 Mobile/15E148 Safari/604.1
IP: 188.146.108.67
##############################################################

2024-01-18 21:32:16 - WiadomoŇń od: tlam.szafoni@gmail.com
--------------------------------------------------------------
Witam , jestem zainteresowany projektem Ricardo. W tym projekcie chciaŇābym poszerzyńá bryle , dokŇāadnie wymiar caŇākowity  11,3 na 11,6 tak aby w Ňāazience m√≥c zainstalowańá bidet obok WC. Jak r√≥wnieŇľ na salonem i jadalnińô wprowadzińá otwarty sufit. Rozumie, Ňľe to zmieni projekt konstrukcji szkieletu dachu. Jaki jest koszt tych zmian w projekcie ? 

pozdrawiam 

Tomasz Wawrzyniak
--------------------------------------------------------------
Referer: https://www.studioatrium.pl/projekty-domow/Ricardo,818.html
User agent: Mozilla/5.0 (Windows NT 10.0; Win64; x64; rv:121.0) Gecko/20100101 Firefox/121.0
IP: 85.221.155.221
##############################################################

2024-01-20 10:55:15 - WiadomoŇń od: ewa.mik@onet.pl
--------------------------------------------------------------
DzieŇĄ dobry ,
Jestem zainteresowany projektem Pliszka mam kilka pytaŇĄ :
1.
 Czy moŇľna poŇāńÖczyńá pomieszczenie 11 i 10 tak Ňľeby byŇāa jedna kotŇāownia i zlikwidowańá otw√≥r drzwiowy mińôdzy 1 i  11 pomieszczeniem zostanie wtedy tylko wejŇõcie kt√≥re jest z pomieszczenia 2 i 12 .
2. 
Czy moŇľna zamienińá pomieszczenia 7 z 9 ?
 Ogrzewanie bńôdzie gazowe.
 Pozdrawiam  MikoŇāajczak Zbigniew
--------------------------------------------------------------
Referer: https://www.studioatrium.pl/projekty-domow/Pliszka,1196.html
User agent: Mozilla/5.0 (Windows NT 10.0; Win64; x64) AppleWebKit/537.36 (KHTML, like Gecko) Chrome/120.0.0.0 Safari/537.36
IP: 89.151.35.204
##############################################################

2024-01-21 11:30:13 - WiadomoŇń od: Katarzyna.litewka@interia.pl
--------------------------------------------------------------
DzieŇĄ Dobry. 

Bierzemy pod uwagńô zakup projektu domu Winona II - odbicie lustrzane - z ogrzewaniem podŇāogowym w caŇāym domu . 

Jaka byŇāa by oferta zakupu projektu w/w domu .

Pozdrawiamy,
--------------------------------------------------------------
Referer: https://www.studioatrium.pl/index.php?module=panel&action=landing
User agent: Mozilla/5.0 (iPhone; CPU iPhone OS 15_8 like Mac OS X) AppleWebKit/605.1.15 (KHTML, like Gecko) Version/15.6.6 Mobile/15E148 Safari/604.1
IP: 91.123.181.222
##############################################################

2024-01-21 17:07:46 - Skeleton query: Email: kinga.mariusz1@wp.pl
Phone: +48501274922
Name: Mariusz KozŇāowski
----------------------------

2024-01-21 19:32:29 - WiadomoŇń od: bakotam@gmail.com
--------------------------------------------------------------
DzieŇĄ dobry . ChciaŇāem zapytańá czy do projektu moŇľna zam√≥wińá projekt rekuperacji? I jaki jest ewentualny koszt
--------------------------------------------------------------
Referer: https://www.studioatrium.pl/
User agent: Mozilla/5.0 (Windows NT 10.0; Win64; x64) AppleWebKit/537.36 (KHTML, like Gecko) Chrome/109.0.0.0 Safari/537.36
IP: 78.88.62.224
##############################################################

2024-01-22 09:40:12 - WiadomoŇń od: Marzena.Walachowska@gamil.com
--------------------------------------------------------------
dzein dobry, 
jaki jest czas oczekiwania na ten projekt?
pozdrawiam 
WaŇāachowska
--------------------------------------------------------------
Referer: https://www.studioatrium.pl/projekty-domow/Gwiazdka-new-ii,1657,lustro.html
User agent: Mozilla/5.0 (X11; Linux x86_64) AppleWebKit/537.36 (KHTML, like Gecko) Chrome/114.0.0.0 Safari/537.36
IP: 88.130.59.43
##############################################################

2024-01-22 17:48:28 - WiadomoŇń od: justyna_5@interia.pl
--------------------------------------------------------------
DzieŇĄ dobry,
Czy w tym projekcie byŇāaby moŇľliwoŇõńá:
1) na g√≥rze zamiast przestrzeni otwartej powińôkszenie pokoju 4 lub 3 o graderobe?
2) przesunińôcie Ňõciany na dole kosztem 2m2 salonu, tak Ňľeby dolny pok√≥j miaŇā ok. 10 m2 ?

Pozdrawiam
--------------------------------------------------------------
Referer: https://www.studioatrium.pl/projekty-domow/Boston,1456.html
User agent: Mozilla/5.0 (Windows NT 10.0; Win64; x64) AppleWebKit/537.36 (KHTML, like Gecko) Chrome/120.0.0.0 Safari/537.36 OPR/106.0.0.0
IP: 46.175.111.9
##############################################################

2024-01-23 16:28:14 - WiadomoŇń od: develobest@gmail.com
--------------------------------------------------------------
dzien dobry 

Widzńô ze macie paŇĄstwo promocjńô na projekt rekuperacji, cena 150 zŇā ?
--------------------------------------------------------------
Referer: https://www.studioatrium.pl/artykuly/Projekt-wentylacji-mechanicznej,1343.html
User agent: Mozilla/5.0 (Windows NT 10.0; Win64; x64) AppleWebKit/537.36 (KHTML, like Gecko) Chrome/120.0.0.0 Safari/537.36
IP: 185.184.124.26
##############################################################

2024-01-23 18:47:51 - WiadomoŇń od: kowalsk.adam94@gmail.com
--------------------------------------------------------------
DzieŇĄ dobry, znaleŇļliŇõmy taki projekt na PaŇĄstwa stronie https://www.studioatrium.pl/projekty-domow/Sardynia-xiv,1553.html
Czy istnieje on moŇľe w wersji bez garaŇľu?
--------------------------------------------------------------
Referer: https://www.studioatrium.pl/projekty-domow/parterowe/b,i,a,6
User agent: Mozilla/5.0 (Linux; Android 10; K) AppleWebKit/537.36 (KHTML, like Gecko) Chrome/120.0.0.0 Mobile Safari/537.36
IP: 5.173.49.12
##############################################################

2024-01-24 07:23:59 - WiadomoŇń od: ewa_maniek@vp.pl
--------------------------------------------------------------
Witam . Moje pytanie czy projekt na ten dom moŇľna powińôkszyńá o czńôŇõciowe podpiwniczenie ? Pozdrawiam Mariusz
--------------------------------------------------------------
Referer: https://www.studioatrium.pl/projekty-domow/Sfinks-iv,977,lustro.html
User agent: Mozilla/5.0 (Windows NT 10.0; Win64; x64; rv:121.0) Gecko/20100101 Firefox/121.0
IP: 185.46.245.133
##############################################################

2024-01-24 07:25:00 - WiadomoŇń od: ewa_maniek@vp.pl
--------------------------------------------------------------
Nazwa projektu to Sfinks IV
--------------------------------------------------------------
Referer: https://www.studioatrium.pl/projekty-domow/Sfinks-iv,977,lustro.html
User agent: Mozilla/5.0 (Windows NT 10.0; Win64; x64; rv:121.0) Gecko/20100101 Firefox/121.0
IP: 185.46.245.133
##############################################################

2024-01-24 18:18:17 - WiadomoŇń od: arturmaslak@o2.pl
--------------------------------------------------------------
Jaki koszt rzeczywistym pod klucz domu Roberto
--------------------------------------------------------------
Referer: https://www.studioatrium.pl/projekty-domow/Roberto,1380.html
User agent: Mozilla/5.0 (Linux; Android 10; K) AppleWebKit/537.36 (KHTML, like Gecko) Chrome/120.0.0.0 Mobile Safari/537.36
IP: 84.40.136.57
##############################################################

2024-01-26 03:01:58 - WiadomoŇń od: joeb4812@aol.com
--------------------------------------------------------------
Dzien dobry  Jozef BAJOR
Obecnie mieszkam zagranica  a planuje wybudowac dom w polsce , niewiem dokladnie czy bedzie to dom calosezonowy  czy nie   wiec mysle ze powinien to byc dom w miare nie za duzy i energio oszczedny .Szukalem w gotowych planach sa bardzo podobne ale nie to co ja chce . zaznaczam ze wymiary nie musza byc takie jak na moim prymitrywnie skreslonym  .A wiec ; szer. ok.8,5m x 11m +szzer garazu ok 3m od strony polnocnej i tarasu od pl 4m . dwa pokoje bedzie troche ciasno z drzwiami pokuj nr 1 to syoialnia glowna a nr 2 moze byc mniejszy chce takze przejscie do garazu  np z pokoju nr2 . lazienka wydaje mi sie troche za mala ,chcialbym ok1,5x4 lub 2x3,5 ale moze byc problem z drzwiami ,wsalonie kominek i drzwi ok2m +2okna tej samej wys. na ok 1m sz. mysle ze piec do ogrzewania moze byc pod schodami z pralkami [mozna podkopac 2 schodki na dol ] lub w laziece
 piec wiszacy na scianie . dom ok 2 shodkipowyzej sredniej gruntu .Na poddaszu tz.jaskolka mysle ok 2,5 m sz i 2 niezalezne okna bez balkonu zeby mozna w przy. zrobic lazienke i moze akces kuch. dach ok 32 stopnie nachylenia  z murem kolankowym ok 1.20 cm . dach caly prosty wydluzony na poludnie ok 2 m i balkon na calej sz domu ok 1.5 m .okna w dachu nie powinny kolidowac z panelami . chcialbym poznac panstwa opinie oraz koszty . czekam na pytania  lub nat telefon najlepiej na whatsapp
                                                            
                                                                       Z powazaniwm  Jozef 
Prosze odeslac email to bede mogl wyslac zdjecia moich planow i decyzji o war. zab .
--------------------------------------------------------------
Referer: https://www.studioatrium.pl/projekty-domow/z-poddaszem-uzytkowym/?pid=873
User agent: Mozilla/5.0 (Windows NT 10.0; Win64; x64) AppleWebKit/537.36 (KHTML, like Gecko) Chrome/120.0.0.0 Safari/537.36
IP: 72.89.37.65
##############################################################

2024-01-28 17:00:21 - WiadomoŇń od: qam13@wp.pl
--------------------------------------------------------------
DzieŇĄ dobry. Czy jest moŇľliwoŇõńá uzyskania projektu w wariancie z ogrzewaniem gazowym, jak i z pompńÖ ciepŇāa i/lub instalacjńÖ fotowoltaicznńÖ? Posiadam dziaŇākńô z doŇõńá nieregularnym spadkiem - czy jest moŇľliwoŇõńá otrzymania wstńôpnych rzut√≥w dla geodety, by oceniŇā czy ten projekt bńôdzie moŇľliwy do realizacji na dziaŇāce? Ostatnie pytanie - czy projekt w formie podstawowej (bez odbicia lustrzanego) z drzwiami garaŇľowymi i wejŇõciem skierowanymi w stronńô p√≥ŇānocńÖ (stok nachylony w kierunku p√≥Ňānocnym i lekko zachodnim) jest w PaŇĄstwa ocenie dobrym pomysŇāem pod wzglńôdami dosŇāonecznienia oraz ergonomii ogrzewania?

Dzińôkujńô i pozdrawiam,
Kamil Nowak
--------------------------------------------------------------
Referer: https://www.studioatrium.pl/projekty-domow/Marin-smart-ii,1692.html
User agent: Mozilla/5.0 (Windows NT 10.0; Win64; x64) AppleWebKit/537.36 (KHTML, like Gecko) Chrome/121.0.0.0 Safari/537.36
IP: 194.42.110.152
##############################################################

2024-01-29 10:19:00 - WiadomoŇń od: m.markowicz91@gmail.com
--------------------------------------------------------------
DzieŇĄ dobry, czy w tym projekcie jest moŇľliwoŇõńá zrobienia pŇāyty fundamentowej?
--------------------------------------------------------------
Referer: https://www.studioatrium.pl/projekty-domow/Punto-iv-sz,1694.html
User agent: Mozilla/5.0 (Linux; Android 10; K) AppleWebKit/537.36 (KHTML, like Gecko) Chrome/121.0.0.0 Mobile Safari/537.36
IP: 37.47.181.239
##############################################################

2024-01-31 15:08:39 - WiadomoŇń od: mariabragiel101@interia.pl
--------------------------------------------------------------
DzieŇĄ dobry 
ChciaŇāam zapytańá czy istnieje moŇľliwoŇõńá pomniejszenia tego domu do powierzchni uŇľytkowej wynoszńÖcej do 150 m2? 
Pozdrawiam
--------------------------------------------------------------
Referer: https://www.studioatrium.pl/projekty-domow/Cabernet,1182.html
User agent: Mozilla/5.0 (Windows NT 10.0; Win64; x64) AppleWebKit/537.36 (KHTML, like Gecko) Chrome/121.0.0.0 Safari/537.36
IP: 185.12.21.98
##############################################################

