2024-02-01 11:25:32 - WiadomoŇń od: agaperzanowska@wp.pl
--------------------------------------------------------------
DzieŇĄ dobry, 

ChciaŇāabym sińô dowiedzieńá jak szybko przebiega stworzenie peŇānej dokumentacji do danego projektu i czy istnieje moŇľliwoŇõńá uŇľytkowania poddasza jako strychu? 

Pozdrawiam 
Agnieszka Perzanowska
--------------------------------------------------------------
Referer: https://www.studioatrium.pl/projekty-domow/Olimpia-iii,1639.html
User agent: Mozilla/5.0 (Windows NT 10.0; Win64; x64; rv:123.0) Gecko/20100101 Firefox/123.0
IP: 185.129.32.90
##############################################################

2024-02-01 11:37:24 - WiadomoŇń od: estetic.swiebodzin@gmail.com
--------------------------------------------------------------
DzieŇĄ dobry,  czy w projekcie Sardynia X moŇľna zrezygnowańá ze sŇāup√≥w/"opasek" wok√≥Ňā tarasu lub  tylko z jego boku? I czy mam to zrobińá ewentualnie we wŇāasnym zakresie czy to PaŇĄstwo dokonujńÖ zmian w projekcie?
--------------------------------------------------------------
Referer: https://www.studioatrium.pl/projekty-domow/Sardynia-x,1433.html?gad_source=1&gclid=Cj0KCQiAn-2tBhDVARIsAGmStVnfCwHPfS5-dZjdYCMTWgp4fVT74a6pZFrdnS0ZJdtP58xouuGHfLEaApfXEALw_wcB
User agent: Mozilla/5.0 (Linux; Android 12; SAMSUNG SM-G973F) AppleWebKit/537.36 (KHTML, like Gecko) SamsungBrowser/23.0 Chrome/115.0.0.0 Mobile Safari/537.36
IP: 37.248.218.12
##############################################################

2024-02-02 08:04:51 - WiadomoŇń od: joanna.sikorska.jarosz@gmail.com
--------------------------------------------------------------
DzieŇĄ dobry 
Jaki jest planowany termin realizacji projektu Tenda II ?
Pozdrawiam serdecznie 
Joanna Sikorska-Jarosz
--------------------------------------------------------------
Referer: https://www.studioatrium.pl/projekty-domow/Tenda-ii,1695,lustro.html
User agent: Mozilla/5.0 (Linux; Android 10; K) AppleWebKit/537.36 (KHTML, like Gecko) Chrome/121.0.0.0 Safari/537.36
IP: 185.48.129.82
##############################################################

2024-02-02 09:08:25 - WiadomoŇń od: robert.dziedzic@poczta.onet.pl
--------------------------------------------------------------
DzieŇĄ dobry. Czy wersja projektu Roberto Lift II jest dostńôpna na ogrzewanie paliwem staŇāym lub inna koncepcja.
Pozdrawiam
Robert Dziedzic
--------------------------------------------------------------
Referer: https://www.studioatrium.pl/projekty-domow/Roberto-lift-ii,1559,lustro.html
User agent: Mozilla/5.0 (Windows NT 10.0; Win64; x64) AppleWebKit/537.36 (KHTML, like Gecko) Chrome/121.0.0.0 Safari/537.36
IP: 194.53.114.11
##############################################################

2024-02-02 10:15:52 - WiadomoŇń od: pieciag@onet.eu
--------------------------------------------------------------
DzieŇĄ dobry, podoba mi sińô paŇĄstwa projekt Pelikan slim 9,chciaŇābym sińô dowiedzieńá jak dŇāugo czekaŇābym na projekt po zakupie. Chodzi o wersjńô z pompńÖ ciepŇāa.
Pozdrawiam serdecznie
Piotr
--------------------------------------------------------------
Referer: https://www.studioatrium.pl/projekty-domow/Pelikan-slim-ix,1588.html
User agent: Mozilla/5.0 (Linux; Android 10; K) AppleWebKit/537.36 (KHTML, like Gecko) Chrome/121.0.0.0 Mobile Safari/537.36
IP: 83.11.80.155
##############################################################

2024-02-02 16:23:10 - WiadomoŇń od: jg.adamscy@wp.pl
--------------------------------------------------------------
DzieŇĄ dobry
Zwracam sińô z proŇõbo o zgodńô  na zmiany do zakupionego projektu GL760. Zakupiony projekt zostaŇā zaadaptowany do dziaŇāki z duŇľym spadkiem terenu, w wyniku czego powstaŇāa piwnica. Projekt zostaŇā zakupiony juŇľ dwa lata temu przez inwestora. Pozdrawiam architekt Joanna Adamska
--------------------------------------------------------------
Referer: https://www.studioatrium.pl/
User agent: Mozilla/5.0 (Windows NT 10.0; Win64; x64) AppleWebKit/537.36 (KHTML, like Gecko) Chrome/120.0.0.0 Safari/537.36
IP: 87.205.253.34
##############################################################

2024-02-04 06:53:52 - WiadomoŇń od: michal.drozynski@dramers.com.pl
--------------------------------------------------------------
DzieŇĄ dobry,
Czy moŇľna prosińá o pomoc w dobraniu projektu, mam obmyŇõlone w gŇāowie doŇõńá duŇľo, wińôcej materiaŇā√≥w mogńô dosŇāańá, dziaŇāka jest r√≥wnolegŇāobokiem, prostokńÖtem, z wysunińôtym skosem, kt√≥ry koŇĄczy sińô skarpńÖ. Za skarpńÖ jest jezioro dlatego zaleŇľy mi na czńôŇõci widokowej. Wjazd jest od zachodu, widok od p√≥Ňānocy. Czy mogńô prosińá o kontakt? 606 69 00 79.
--------------------------------------------------------------
Referer: https://www.studioatrium.pl/
User agent: Mozilla/5.0 (Windows NT 10.0; Win64; x64) AppleWebKit/537.36 (KHTML, like Gecko) Chrome/120.0.0.0 Safari/537.36 Edg/120.0.0.0
IP: 95.108.44.228
##############################################################

2024-02-04 11:41:40 - WiadomoŇń od: igor.juskowiak72@gmail.com
--------------------------------------------------------------
DzieŇĄ dobry czy moŇľna zmienińá w tym projekcie kńÖt nachylenia dachu na 35 stopni?Jakie ewentualnie inne zr√≥dŇāa ciepŇāa?
--------------------------------------------------------------
Referer: https://www.studioatrium.pl/projekty-domow/Drops-iii,1668.html
User agent: Mozilla/5.0 (Windows NT 10.0; Win64; x64) AppleWebKit/537.36 (KHTML, like Gecko) Chrome/121.0.0.0 Safari/537.36
IP: 89.151.35.158
##############################################################

2024-02-04 12:01:30 - WiadomoŇń od: mati.mefiu.suski@wp.pl
--------------------------------------------------------------
Witam
Jaki jest przybliŇľony termin ukoŇĄczenia projektu
--------------------------------------------------------------
Referer: https://www.studioatrium.pl/projekty-domow/Oxford-vii,1436.html
User agent: Mozilla/5.0 (Linux; Android 10; K) AppleWebKit/537.36 (KHTML, like Gecko) Chrome/121.0.0.0 Mobile Safari/537.36
IP: 194.126.165.66
##############################################################

2024-02-05 11:18:39 - WiadomoŇń od: Ziembolot@wp.pl
--------------------------------------------------------------
Witam serdecznie. W nawińÖzaniu do rozmowy telefonicznej z PanińÖ konsultant. Proszńô o przesŇāanie mi na podany mail projekt instalacji elektrycznej w wersji PDF domu GUSTAW. Dzińôkujńô i serdecznie pozdrawiam. Konrad Zińôba
--------------------------------------------------------------
Referer: https://www.studioatrium.pl/projekty-domow/nowoczesne/?a=1&gad_source=1&gclid=CjwKCAiAq4KuBhA6EiwArMAw1BzXAa4gpIst2JLJrT6_zh9v1agzLcNZocaPsI8y6aetyCIsT-_PzRoCB0YQAvD_BwE
User agent: Mozilla/5.0 (iPhone; CPU iPhone OS 17_2 like Mac OS X) AppleWebKit/605.1.15 (KHTML, like Gecko) GSA/301.0.601872660 Mobile/15E148 Safari/604.1
IP: 5.173.26.116
##############################################################

2024-02-06 11:45:58 - WiadomoŇń od: schputex_ad@o2.pl
--------------------------------------------------------------
Witam. ChciaŇāabym dokonańá zmian w projekcie, mam rozrysowany szkic zmian w rzucie i proszńô o wycenńô. Nie mam tu moŇľliwoŇõci wysŇāania szkicu. Proszńô o kontakt abym mogŇāa wysŇāańá szkic. Pozdrawiam
--------------------------------------------------------------
Referer: https://www.studioatrium.pl/projekty-domow/Ibis,1079.html
User agent: Mozilla/5.0 (Windows NT 10.0; Win64; x64) AppleWebKit/537.36 (KHTML, like Gecko) Chrome/120.0.0.0 Safari/537.36
IP: 83.29.64.169
##############################################################

2024-02-06 16:53:32 - WiadomoŇń od: michaeltrocki@icloud.com
--------------------------------------------------------------
DzieŇĄ dobry, 
Projekt: https://www.studioatrium.pl/projekty-domow/Kaja,979.html
Czy jest moŇľliwoŇõńá uzyskania wersji na paliwo staŇāe (pellet) i kosztorys do tego projektu? JeŇõli tak jaka byŇāaby cena?
OczywiŇõcie razem z zakupem projektu.
--------------------------------------------------------------
Referer: https://www.studioatrium.pl/projekty-domow/Kaja,979.html
User agent: Mozilla/5.0 (Windows NT 10.0; Win64; x64) AppleWebKit/537.36 (KHTML, like Gecko) Chrome/121.0.0.0 Safari/537.36
IP: 88.156.188.74
##############################################################

2024-02-07 10:18:54 - WiadomoŇń od: adam.sokolowski92@gmail.com
--------------------------------------------------------------
Bardzo proszńô o szczeg√≥Ňāowe rysunki garazu Z 21
--------------------------------------------------------------
Referer: https://www.studioatrium.pl/projekty-garazy/Z-21,511.html
User agent: Mozilla/5.0 (Linux; Android 10; K) AppleWebKit/537.36 (KHTML, like Gecko) Chrome/121.0.0.0 Mobile Safari/537.36
IP: 188.146.255.73
##############################################################

2024-02-08 09:15:24 - WiadomoŇń od: aleksandra.falba@gmail.com
--------------------------------------------------------------
DzieŇĄ dobry, 

czy projektujńÖ paŇĄstwo garaŇľe wedŇāug indywidualnych potrzeb? Ten projekt mi sińô podoba, jednak chciaŇāabym go trochńô poprawińá (byŇāby to garaŇľ dwustanowiskowy z wiatńÖ) jak w tym projekcie https://dobry-dom.pl/pl/catalog/garaz/normal-56337-homekoncept-g-02. 

Z g√≥ry dzińôkujńô za odpowiedŇļ.
--------------------------------------------------------------
Referer: https://www.studioatrium.pl/projekty-garazy/Z-43,1168,lustro.html
User agent: Mozilla/5.0 (Windows NT 10.0; Win64; x64) AppleWebKit/537.36 (KHTML, like Gecko) Chrome/121.0.0.0 Safari/537.36 Edg/121.0.0.0
IP: 89.64.1.0
##############################################################

2024-02-08 21:09:15 - WiadomoŇń od: wd1tom@wp.pl
--------------------------------------------------------------
Witam poszukuje projektu domu szkieletowego z poddaszem uŇľytkowym bez garaŇľu.
Wz√≥r moŇľe stanowińá projekt domu gotowego erdol haus3 xl
--------------------------------------------------------------
Referer: https://www.studioatrium.pl/wynik-wyszukiwania/?typ_projektu=z_poddaszem&katnachyleniadachu=3&rodzajstropu=drewniany_belkowy&garaz=3&piwnica=2
User agent: Mozilla/5.0 (Windows NT 10.0; Win64; x64) AppleWebKit/537.36 (KHTML, like Gecko) Chrome/120.0.0.0 Safari/537.36
IP: 185.135.194.157
##############################################################

2024-02-09 08:56:15 - WiadomoŇń od: ela94@vp.pl
--------------------------------------------------------------
DzieŇĄ dobry, czy posiadajńÖ PaŇĄstwo zdjńôcia zrealizowanego juŇľ projektu? Lub moŇľe jest moŇľliwoŇõńá zobaczyńá/obejrzeńá gdzieŇõ na Ňľywo zrealizowany projekt? JesteŇõmy zaintersowani projektem, natomiast chcielibyŇõmy zobaczyńá realna wizualizacjńô. Pozdrawiam
--------------------------------------------------------------
Referer: https://www.studioatrium.pl/projekty-domow/Bosfor,1538.html
User agent: Mozilla/5.0 (Linux; Android 10; K) AppleWebKit/537.36 (KHTML, like Gecko) Chrome/121.0.0.0 Mobile Safari/537.36
IP: 37.248.175.79
##############################################################

2024-02-11 08:24:42 - WiadomoŇń od: kontakt@granitydolnoslaskie.pl
--------------------------------------------------------------
DzieŇĄ dobry, jesteŇõmy zainteresowani projektem Samba XVI. Niemniej jednak jednym z wymog√≥w MPZP jest kńÖt nachylenia dachu od 38 do 45st. Jaki kńÖt dachu ma wspomniany projekt Samba XVI? W razie pytaŇĄ proszńô o kontakt. 

Pozdrawiam PaweŇā Ignaszewski 
722 395 203
--------------------------------------------------------------
Referer: https://www.studioatrium.pl/projekty-domow/Samba-xvi,1683.html
User agent: Mozilla/5.0 (Windows NT 10.0; Win64; x64) AppleWebKit/537.36 (KHTML, like Gecko) Chrome/121.0.0.0 Safari/537.36
IP: 185.245.194.93
##############################################################

2024-02-11 08:58:32 - WiadomoŇń od: arcciech@gmail.com
--------------------------------------------------------------
Witam
KupiŇāem u PaŇĄstwa projekt domu Lopez. W projekcie Ňõciany sńÖ z porothermu a chciaŇābym zmienińá na Solbet. Czy jest to moŇľliwe i czy konieczne bńôdńÖ zmiany w konstrukcji Ňõcian (np. sŇāupy Ňľelbetowe). Czy trzeba inaczej zaprojektowańá na etapie adaptacji pŇāytńô fundamentowńÖ? Jestem na etapie adaptacji projektu przez architekta. Proszńô o szybkńÖ odpowiedŇļ.
Arkadiusz Ciechanowicz
--------------------------------------------------------------
Referer: https://www.studioatrium.pl/projekty-domow/Lopez,1477.html
User agent: Mozilla/5.0 (Linux; Android 10; K) AppleWebKit/537.36 (KHTML, like Gecko) Chrome/121.0.0.0 Mobile Safari/537.36
IP: 79.187.77.237
##############################################################

2024-02-11 18:39:27 - WiadomoŇń od: emmichau@icloud.com
--------------------------------------------------------------
Witam. Czy jest moŇľliwoŇõńá zmiany kńÖta dachu na 45stopni? Czy m√≥gŇābym prosińá dokŇāadniejsze informacje na temat moŇľliwoŇõci zmian w projekcie?
--------------------------------------------------------------
Referer: https://www.studioatrium.pl/projekty-domow/Samba-vi,920,lustro.html
User agent: Mozilla/5.0 (Windows NT 10.0; Win64; x64) AppleWebKit/537.36 (KHTML, like Gecko) Chrome/121.0.0.0 Safari/537.36
IP: 83.26.99.49
##############################################################

2024-02-12 12:56:08 - WiadomoŇń od: julitasmolarz@wp.pl
--------------------------------------------------------------
Czy moŇľna zrobińá 3 stanowiskowy projekt tego budynku?
--------------------------------------------------------------
Referer: https://www.studioatrium.pl/projekty/gospodarcze/Zg-22,1491.html
User agent: Mozilla/5.0 (Linux; Android 10; K) AppleWebKit/537.36 (KHTML, like Gecko) Chrome/120.0.0.0 Mobile Safari/537.36
IP: 5.173.233.66
##############################################################

2024-02-12 22:12:43 - WiadomoŇń od: biuro@prawojazdy.slupsk.pl
--------------------------------------------------------------
Witam

Czy do projektu GL760 Ricardo istnieje moŇľliwoŇõńá wkomponowania na poddaszu szerokiego wykuszu?
--------------------------------------------------------------
Referer: https://www.studioatrium.pl/projekty-domow/Neo-ii,824.html
User agent: Mozilla/5.0 (Windows NT 6.1; Win64; x64; rv:109.0) Gecko/20100101 Firefox/113.0
IP: 37.248.174.174
##############################################################

2024-02-13 09:31:00 - WiadomoŇń od: jg.adamscy@wp.pl
--------------------------------------------------------------
DzieŇĄ dobry
Zwracam sińô z proŇõbńÖ o z proŇõbńÖ o aktualnńÖ Charakterystykńô energetycznńÖ do projektu GL 760 - (dom jednorodzinny wolnostojńÖcy parterowy). Projekt zostaŇā zakupiony z wersjńÖ ogrzewania na gaz a bńôdzie pompa ciepŇāa. Inwestorem jest Dariusz SkoŇāczeŇĄ.  Proszńô o  przedstawienie kosztu charakterystyki energetycznej. JeŇõli moŇľna  r√≥wnieŇľ zakupińá  projekt instalacji sanitarnej ogrzewanie - pompa ciepŇāa to teŇľ poproszńô wycenńô.
Pozdrawiam
arch. Joanna Adamska
607 72 88 02
--------------------------------------------------------------
Referer: https://www.studioatrium.pl/
User agent: Mozilla/5.0 (Windows NT 10.0; Win64; x64) AppleWebKit/537.36 (KHTML, like Gecko) Chrome/121.0.0.0 Safari/537.36
IP: 87.205.253.34
##############################################################

2024-02-13 19:30:23 - WiadomoŇń od: derylakg@gmail.com
--------------------------------------------------------------
DzieŇĄ dobry. Posiadam projekt domu Ada 123 GL  .ZakupiŇāem go ponad 15 lat temu w waszej firmie . Do tego czasu wykonaŇāem fundament aby nie przedawniŇāo sińô pozwolenie.ChciaŇābym kontynuowańá budowńô domu po tej przerwie.Mam pytanie odnoŇõnie gruboŇõci muru zewnńôtrznego. W planie posiadam gruboŇõńá 30 cm i 10 styropianu.W planie na stronie internetowej napisane jest technologia morowana pustak ceramiczny 25cm.  Czy mogńô zmienińá zachowujńÖc wewnńôtrzne wymiary na 25 cm pustak ceramiczny i grubszy styropian 15 cm. Dzińôkujńô i czekam na odpowiedŇļ. Pozdrawiam Grzegorz.
--------------------------------------------------------------
Referer: https://www.studioatrium.pl/projekty-domow/Ada,134.html
User agent: Mozilla/5.0 (iPhone; CPU iPhone OS 17_2_1 like Mac OS X) AppleWebKit/605.1.15 (KHTML, like Gecko) Version/17.2 Mobile/15E148 Safari/604.1
IP: 95.144.158.56
##############################################################

2024-02-14 07:25:57 - WiadomoŇń od: klaudiawloch3@o2.pl
--------------------------------------------------------------
DzieŇĄ dobry, 
chciaŇāabym sińô spytańá jaka jest technologia dachu w projekcie Drops II, czy jest tam strop murowany? 

Pozdrawiam 
Klaudia
--------------------------------------------------------------
Referer: https://www.studioatrium.pl/projekty-domow/Drops-ii,1274.html
User agent: Mozilla/5.0 (Windows NT 10.0; Win64; x64) AppleWebKit/537.36 (KHTML, like Gecko) Chrome/121.0.0.0 Safari/537.36
IP: 78.133.214.18
##############################################################

2024-02-14 07:27:27 - WiadomoŇń od: klaudiawloch3@o2.pl
--------------------------------------------------------------
DzieŇĄ dobry, 
ChciaŇāabym sińô spytańá jaka jest technologia dachu w projekcie Drops II, czy jest strop murowany?

Pozdrawiam 
Klaudia
--------------------------------------------------------------
Referer: https://www.studioatrium.pl/projekty-domow/Drops-ii,1274.html
User agent: Mozilla/5.0 (Windows NT 10.0; Win64; x64) AppleWebKit/537.36 (KHTML, like Gecko) Chrome/121.0.0.0 Safari/537.36
IP: 78.133.214.18
##############################################################

2024-02-15 06:31:40 - WiadomoŇń od: tompedrak@gmail.com
--------------------------------------------------------------
DzieŇĄ Dobry

Zwracam sińô z zapytaniem o przedstawienie projekt√≥w domu wolnostojńÖcego o parametrach jak poniŇľej. 

- budynek z wysokim poddaszem (wysokoŇõńá Ňõciany kolankowej 2,35m ). 
- kńÖt dachu min.35, wysokoŇõńá budynku do 9m. SzerokoŇõńá budynku okoŇāo 8-8,5m.
- szerokoŇõńá elewacji frontowej 12,8m - 15m.
- garaŇľ jednostanowiskowy / dwustanowiskowy.
- ogrzewanie gazowe + opcjonalnie kominek na drewno.

W przypadku dodatkowych pytaŇĄ / parametr√≥w proszńô o kontakt: 506900895.
Warunki zabudowy sńÖ aktualne - mogńô poesŇāańá na wskazany adres.

Pozdrawiam
Tomasz Pńôdrak
506900895
--------------------------------------------------------------
Referer: https://www.studioatrium.pl/
User agent: Mozilla/5.0 (Windows NT 10.0; Win64; x64) AppleWebKit/537.36 (KHTML, like Gecko) Chrome/121.0.0.0 Safari/537.36 Edg/121.0.0.0
IP: 144.177.6.225
##############################################################

2024-02-15 06:31:42 - WiadomoŇń od: tompedrak@gmail.com
--------------------------------------------------------------
DzieŇĄ Dobry

Zwracam sińô z zapytaniem o przedstawienie projekt√≥w domu wolnostojńÖcego o parametrach jak poniŇľej. 

- budynek z wysokim poddaszem (wysokoŇõńá Ňõciany kolankowej 2,35m ). 
- kńÖt dachu min.35, wysokoŇõńá budynku do 9m. SzerokoŇõńá budynku okoŇāo 8-8,5m.
- szerokoŇõńá elewacji frontowej 12,8m - 15m.
- garaŇľ jednostanowiskowy / dwustanowiskowy.
- ogrzewanie gazowe + opcjonalnie kominek na drewno.

W przypadku dodatkowych pytaŇĄ / parametr√≥w proszńô o kontakt: 506900895.
Warunki zabudowy sńÖ aktualne - mogńô poesŇāańá na wskazany adres.

Pozdrawiam
Tomasz Pńôdrak
506900895
--------------------------------------------------------------
Referer: https://www.studioatrium.pl/
User agent: Mozilla/5.0 (Windows NT 10.0; Win64; x64) AppleWebKit/537.36 (KHTML, like Gecko) Chrome/121.0.0.0 Safari/537.36 Edg/121.0.0.0
IP: 144.177.6.225
##############################################################

2024-02-16 07:21:36 - WiadomoŇń od: marcin.swiechowicz@gmail.com
--------------------------------------------------------------
Jaki jest orientacyjny czas oczekiwania na projekt w przypadku zakupu? 
Z g√≥ry dzińôkujńô za odpowiedŇļ
--------------------------------------------------------------
Referer: https://www.studioatrium.pl/projekty-domow/Koliber-ii,1618.html
User agent: Mozilla/5.0 (iPhone; CPU iPhone OS 17_2_1 like Mac OS X) AppleWebKit/605.1.15 (KHTML, like Gecko) Version/17.2 Mobile/15E148 Safari/604.1
IP: 31.178.216.46
##############################################################

2024-02-16 12:04:09 - WiadomoŇń od: KALA_BEATA@O2.PL
--------------------------------------------------------------
DzieŇĄ dobry,

czy dobrze rozumiem, Ňľe przy zakupie projektu z pompńÖ ciepŇāa i pozostaniu z wentylacjńÖ grawitacyjnńÖ budynek nadal jest zgodny z wt 2021 dot np. wskaŇļnika EP ? Czy w projecie jest ogrzewanie podŇāogowe?
--------------------------------------------------------------
Referer: https://www.studioatrium.pl/projekty-domow/Tango-iv,1587,lustro.html
User agent: Mozilla/5.0 (Windows NT 10.0; Win64; x64) AppleWebKit/537.36 (KHTML, like Gecko) Chrome/121.0.0.0 Safari/537.36
IP: 212.75.118.242
##############################################################

2024-02-16 12:11:22 - WiadomoŇń od: Jwojcik30@wp.pl
--------------------------------------------------------------
Witam, mam pytanie czy w cenńô projektu sńÖ wliczone ewentualne zmiany w zwińÖzku z tym Ňľe projekt jest tylko koncepcyjny. Konkretnie na chwilńô obecnńÖ zmiany jakie by mnie interesowaŇāy to zmiana materiaŇāu na beton kom√≥rkowy, strop lany, pokrycie dachu blachńÖ lub gontem. UkŇāad pomieszczeŇĄ pozostaje be zmian.  Bńôdńô wdzińôczny za odpowiedŇļ i dalszy kontakt. Pozdrawiam
--------------------------------------------------------------
Referer: https://www.studioatrium.pl/projekty-domow/Ostoja-x,1429.html
User agent: Mozilla/5.0 (iPhone; CPU iPhone OS 17_1_2 like Mac OS X) AppleWebKit/605.1.15 (KHTML, like Gecko) Mobile/15E148 [FBAN/FBIOS;FBAV/445.0.0.33.109;FBBV/566090372;FBDV/iPhone13,1;FBMD/iPhone;FBSN/iOS;FBSV/17.1.2;FBSS/3;FBCR/;FBID/phone;FBLC/pl;FBOP/80]
IP: 81.219.28.242
##############################################################

2024-02-20 15:50:05 - WiadomoŇń od: ksledziewski13@gmail.com
--------------------------------------------------------------
DzieŇĄ dobry, wynegocjowaŇāem ten projekt w cenie 3900zŇā. W tej cenie zaoferowano mi projekt plus  projekt na pompńô ciepŇāa, projekt na rekuperacjńô i projekt na fotowoltaikńô. W gratisie jeszcze dziennik budowy, tablica informacyjna i dostńôp do  aplikacji. Czy jesteŇõcińô PaŇĄstwo w stanie dańá ofertńô konkurencyjnńÖ od powyŇľszej? JesteŇõmy bardzo zainteresowani tym projektem i prawdopodobnie bńôdziemy sińô na niego decydowańá.
Pozdrawiam
Kamil Ňöledziewski
--------------------------------------------------------------
Referer: https://www.studioatrium.pl/projekty-domow/Aurora-maxi-ii-sz,1504.html
User agent: Mozilla/5.0 (X11; CrOS x86_64 14541.0.0) AppleWebKit/537.36 (KHTML, like Gecko) Chrome/121.0.0.0 Safari/537.36
IP: 188.147.108.150
##############################################################

2024-02-20 21:18:20 - WiadomoŇń od: szymon.jonczyk@gmail.com
--------------------------------------------------------------
Dobry wiecz√≥r, 

Czy dysponujńÖ PaŇĄstwo projektem z ukŇāadem pomieszczeŇĄ opisanym poniŇľej? JeŇõli tak to uprzejmie proszńô o wskazanie tych projekt√≥w

Parter: 
GaraŇľ (jedno lub dwustanowiskowy), kotŇāownia(z wyjŇõciem na ogr√≥d), przejŇõciowa garderoba z garaŇľu do przedsionka, przedsionek, wc, kuchnia + spiŇľarnia, salon+ jadalnia (min 30m2), pok√≥j/gabinet

Pińôtro:
3 pokoje dla dzieci, sypialnia rodzic√≥w z garderobńÖ i prywatnńÖ ŇāazienkńÖ, pralnia, Ňāazienka

Dodatkowo przesyŇāam informacje o MPZP oraz numer dziaŇāki:
OdnoŇõnie zagospodarowania przestrzennego, teren jest objńôty symbolem 1MN, wińôcej na ten temat w uchwale, rozdziaŇā 3 par. 16
poniŇľej link do uchwaŇāy:
https://rastry.gison.pl/mpzp-public/radzionkow/uchwaly/U_2021_312_XXX.pdf

Numer dziaŇāki: 887/94, woj. ŇõlńÖskie, pow. tarnog√≥rski, gm. Radzionk√≥w

Bńôdńô zobowińÖzany za pomoc i odpowiedŇļ.
--------------------------------------------------------------
Referer: https://www.studioatrium.pl/
User agent: Mozilla/5.0 (Windows NT 10.0; Win64; x64) AppleWebKit/537.36 (KHTML, like Gecko) Chrome/121.0.0.0 Safari/537.36
IP: 185.234.235.85
##############################################################

2024-02-20 23:21:09 - WiadomoŇń od: jacek.baron@poczta.onet.pl
--------------------------------------------------------------
DzieŇĄ dobry,
Jestem zainteresowany  budowńÖ na dziaŇāce w Janowicach na ul. G√≥rskiej (gmina Bestwina) elektrowni wiatrowej maŇāej  mocy w systemie instalacji wyspowej (bez podŇāńÖczenia do sieci energetycznej).
Znam juŇľ oficjalne stanowisko starostwa (mam kilka pism z tym zwińÖzanych) iŇľ moŇľna dokonańá tego jedynie na podstawie uzyskania pozwolenia na budowńô wraz ze zŇāoŇľeniem projektu budowlanego.
Czy podjńôlibyŇõcie sińô PaŇĄstwo takiego zadania?
-- 
Pozdrawiam
Jacek B.
--------------------------------------------------------------
Referer: https://www.studioatrium.pl/
User agent: Mozilla/5.0 (Windows NT 6.1; Win64; x64; rv:109.0) Gecko/20100101 Firefox/115.0
IP: 5.173.119.210
##############################################################

2024-02-22 09:43:15 - WiadomoŇń od: ravszewczyk@gmail.com
--------------------------------------------------------------
DzieŇĄ dobry

Proszńô o przygotowanie aneksu do umowy tak by to Studio Atrium wystawiaŇāo fakturńô inwestorowi, a ja jako partner, m√≥gŇā wystawińá fakturńô na prowizjńô.

Z powaŇľaniem R Szewczyk
R-Studio Architektury RafaŇā Szewczyk
Nip: 815 161 46 84
tel: 505 643 465
--------------------------------------------------------------
Referer: https://www.studioatrium.pl/
User agent: Mozilla/5.0 (Windows NT 10.0; Win64; x64) AppleWebKit/537.36 (KHTML, like Gecko) Chrome/121.0.0.0 Safari/537.36
IP: 91.240.139.229
##############################################################

2024-02-22 19:58:41 - WiadomoŇń od: slawek2379@gmail.com
--------------------------------------------------------------
Witam, 
Czy moŇľliwe jest ogrzewanie takiego domku kominkiem i czy musi byńá to uwzglńôdnione w projekcie.
Pozdrawiam
SŇāawek Podstawski
--------------------------------------------------------------
Referer: https://www.studioatrium.pl/projekty-domow/Punto-iv-sz,1694.html
User agent: Mozilla/5.0 (iPhone; CPU iPhone OS 17_3 like Mac OS X) AppleWebKit/605.1.15 (KHTML, like Gecko) GSA/303.0.605094169 Mobile/15E148 Safari/604.1
IP: 188.147.12.32
##############################################################

2024-02-23 16:43:17 - WiadomoŇń od: soczowka1@wp.pl
--------------------------------------------------------------
Przed zakupem byŇāa informacja ,,za zaŇāoŇľenie konta otrzymujesz od nas w prezencie na zakupy 100zŇā. ,,
natomiast podczas finalizacji zakupu projektu, jakoŇõ 100 zŇā. nie byŇāo odjńôte, 
Proszńô wyjaŇõnienie, czy zniŇľka za zaŇāoŇľenie to tylko nacińÖgnińôcie na wyŇāudzenie danych ?
--------------------------------------------------------------
Referer: https://www.studioatrium.pl/projekty/wiaty/A-107,1508.html
User agent: Mozilla/5.0 (Windows NT 10.0; Win64; x64) AppleWebKit/537.36 (KHTML, like Gecko) Chrome/121.0.0.0 Safari/537.36 Edg/121.0.0.0
IP: 37.248.158.90
##############################################################

2024-02-25 13:02:13 - WiadomoŇń od: damgrabie@gmail.com
--------------------------------------------------------------
DzieŇĄ dobry,

Jestem zainteresowany projektem, czy mogńô prosińá o zestawienie materiaŇā√≥w na wierzbńô dachowńÖ ?

Pozdrawiam 
Damian Grabarz
--------------------------------------------------------------
Referer: https://www.studioatrium.pl/projekty-domow/Ibis-ii,1086.html
User agent: Mozilla/5.0 (Windows NT 6.1; Win64; x64) AppleWebKit/537.36 (KHTML, like Gecko) Chrome/109.0.5414.120 Safari/537.36 Avast/109.0.19987.120
IP: 83.20.203.205
##############################################################

2024-02-25 19:24:57 - WiadomoŇń od: Budowakotowice@wp.pl
--------------------------------------------------------------
DzieŇĄ dobry
Czy mogńô prosińá o aktualnńÖ wycenńô na taki dom - technologia w zasadzie obojńôtna aby byŇāo dobrze :)w opisie jest podane 500k pod klucz
DziaŇāka ma 21x45m
MiejscowoŇõńá Kotowice gm Oborniki ŇölńÖskie ez 86.1
Interesuje nas stan deweloperski lub pod klucz z pŇāytńÖ fundamentowńÖ
--------------------------------------------------------------
Referer: https://www.studioatrium.pl/projekty-domow/Winona-ii,1226.html
User agent: Mozilla/5.0 (Macintosh; Intel Mac OS X 10_15_7) AppleWebKit/605.1.15 (KHTML, like Gecko) Version/17.2 Safari/605.1.15
IP: 85.31.248.135
##############################################################

2024-02-26 08:32:58 - WiadomoŇń od: just.cybulska@gmail.com
--------------------------------------------------------------
DzieŇĄ dobry,
Interesuje mnie projekt Jawor IV. Posiadamy dziaŇākńô o wymiarach 16.3 x 60 m. W zwińÖzku z tym mam kilka pytaŇĄ odnoŇõnie zmian w projekcie:
1. Czy moŇľna zmienińá garaŇľ na 2-stanowiskowy?
2. Jaka jest wysokoŇõńá pomieszczeŇĄ na parterze (potrzebujemy minimum 2,90)?
3. Czy jest moŇľliwoŇõńá czńôŇõciowego podpiwniczenia?
4. Czy na g√≥rze byŇāaby moŇľliwoŇõńá podniesienia Ňõcianki kolankowej i ulokowania okien na  Ňõcianach zamiast poddaszowych?
5. Czy byŇāaby moŇľliwoŇõńá zmiany schod√≥w na schody ze spocznikiem?
Zdajńô sobie sprawy , Ňľe zmiany bńôdńÖ powodowańá teŇľ podniesienie budynku, ale planujemy wystylizowańá dom na skandynawski, z elewacjńÖ z cegŇāy i bez okap√≥w, wińôc powinno sińô to estetycznie udańá.
Pozdrawiam,
Justyna Cybulska
--------------------------------------------------------------
Referer: https://www.studioatrium.pl/projekty-domow/Jawor-iv,1501.html
User agent: Mozilla/5.0 (Windows NT 10.0; Win64; x64; rv:123.0) Gecko/20100101 Firefox/123.0
IP: 212.182.61.1
##############################################################

2024-02-27 09:56:08 - Skeleton query: Email: k.golba@icloud.com
Phone: 881210451
Name: Jakub Golba
----------------------------

2024-02-27 13:27:47 - WiadomoŇń od: kingaklimczyk@gmail.com
--------------------------------------------------------------
DzieŇĄ dobry, 
jestem studentkńÖ budownictwa, czy jest szansa na przesŇāanie projektu (kosztorys, przedmiar) w celach edukacyjnych?
Pozdrawiam
--------------------------------------------------------------
Referer: https://www.studioatrium.pl/projekty-domow/Octavus,658.html
User agent: Mozilla/5.0 (Linux; Android 10; K) AppleWebKit/537.36 (KHTML, like Gecko) Chrome/122.0.0.0 Mobile Safari/537.36
IP: 5.184.201.20
##############################################################

2024-02-29 08:32:15 - WiadomoŇń od: puph.metrel@wp.pl
--------------------------------------------------------------
Posiadamy domek w budowie w Piotrkowie Tryb. - projekt PaŇĄstwa firmy  zakupiony  w 1999 roku - GL 40 (obecnie funkcjonuje na Waszej  stronie pod nazwńÖ KORAL).
Domek obecnie jest w stanie surowym otwartym. Chcemy go w tym roku wykoŇĄczyńá. DziaŇāamy w branŇľy budowlanej projektowej ale instalacyjnej.
Chcemy samodzielnie stworzyńá wizualizacje wykoŇĄczenia.
Uprzejmie prosimy o przesŇāanie prostych rzut√≥w (bez wymiarowaŇĄ i bez szczeg√≥Ňā√≥w) parteru i pińôtra w dwg (Autocad w. 2009)   na nasz adres mailowy: puph.metrel@wp.pl     
pozdrawiam serdecznie
Tadeusz WńÖs
--------------------------------------------------------------
Referer: https://www.studioatrium.pl/
User agent: Mozilla/5.0 (Windows NT 10.0; Win64; x64) AppleWebKit/537.36 (KHTML, like Gecko) Chrome/122.0.0.0 Safari/537.36 Edg/122.0.0.0
IP: 83.27.253.134
##############################################################

2024-02-29 12:31:15 - WiadomoŇń od: slawka05@wp.pl
--------------------------------------------------------------
Witam czy mogńô prosińá o wymiary Ňāazienki z pralnińÖ? Pozdrawiam
--------------------------------------------------------------
Referer: https://www.studioatrium.pl/projekty-domow/Sardynia-xv,1560.html
User agent: Mozilla/5.0 (Linux; Android 10; K) AppleWebKit/537.36 (KHTML, like Gecko) Chrome/121.0.0.0 Mobile Safari/537.36
IP: 185.231.148.130
##############################################################

