2024-02-01 03:28:21 - Zamówienie katalogu|id: 681|email: LUCYXYZ@INTERIA.PL
2024-02-02 19:42:22 - Zamówienie katalogu|id: 682|email: klimczyk.daniel@gmail.com
2024-02-03 10:55:04 - Przelewy24: Transakcja została zarejestrowana poprawnie, id: 683
2024-02-03 10:57:35 - Przelewy24: Odczytano orderId, id: 683 | p24ID: 32460532
2024-02-03 10:57:37 - Przelewy24: Transakcja została zweryfikowana poprawnie, id: 683 | p24ID: 32460532
2024-02-04 15:47:45 - Zamówienie katalogu|id: 684|email: slaweklaskarzewski@gmail.com
2024-02-06 07:39:07 - Zamówienie katalogu|id: 685|email: grac00@wp.pl
2024-02-06 18:58:17 - Zamówienie katalogu|id: 687|email: chibanelinda29@gmail.com
2024-02-08 09:10:00 - Zamówienie katalogu|id: 690|email: siarka.estera1@gmail.com
2024-02-08 16:24:54 - Zamówienie katalogu|id: 694|email: kkprokopczyk@gmail.com
2024-02-10 07:45:49 - Zamówienie katalogu|id: 695|email: eprasula@vp.pl
2024-02-10 10:53:09 - Zamówienie katalogu|id: 696|email: kanashiix@gmail.com
2024-02-11 07:40:42 - Zamówienie katalogu|id: 697|email: arrooss1@wp.pl
2024-02-11 15:32:51 - Zamówienie katalogu|id: 698|email: d.rajchel@onet.pl
2024-02-11 17:30:26 - Zamówienie katalogu|id: 699|email: okrupej@gmail.com
2024-02-12 21:58:27 - Zamówienie katalogu|id: 700|email: piotrek.kozlowski@hotmail.com
2024-02-14 08:29:46 - Zamówienie katalogu|id: 701|email: justynarum@tlen.pl
2024-02-18 07:02:02 - Zamówienie katalogu|id: 702|email: biuro.dpsinstal@gmail.com
2024-02-18 07:02:59 - Zamówienie katalogu|id: 703|email: biuro.dpsinstal@gmail.com
2024-02-18 11:29:26 - Zamówienie katalogu|id: 704|email: wioleta.turska@poczta.fm
2024-02-18 21:52:31 - Zamówienie katalogu|id: 705|email: joasiaw.89@gmail.com
2024-02-19 15:25:03 - Zamówienie katalogu|id: 706|email: wbbanas60@wp.pl
2024-02-19 23:27:44 - Przelewy24: Transakcja została zarejestrowana poprawnie, id: 707
2024-02-19 23:29:28 - Przelewy24: Odczytano orderId, id: 707 | p24ID: 35395931
2024-02-19 23:29:28 - Przelewy24: Transakcja została zweryfikowana poprawnie, id: 707 | p24ID: 35395931
2024-02-20 14:31:39 - Zamówienie katalogu|id: 708|email: k.panasiewicz@wp.pl
2024-02-22 15:23:28 - Zamówienie katalogu|id: 711|email: daniel.wernik1990@wp.pl
2024-02-25 08:05:09 - Zamówienie katalogu|id: 712|email: jaroslawjenek@gmail.com
2024-02-25 08:05:10 - Zamówienie katalogu|id: 713|email: jaroslawjenek@gmail.com
2024-02-25 13:56:48 - Zamówienie katalogu|id: 714|email: melania.gadek@o2.pl
2024-02-25 19:10:36 - Zamówienie katalogu|id: 716|email: dariuszmrozek1975@gmail.com
2024-02-26 19:26:07 - Zamówienie katalogu|id: 717|email: patusia2607@onet.pl
2024-02-26 20:05:35 - Przelewy24: Transakcja została zarejestrowana poprawnie, id: 718
2024-02-26 20:49:53 - Zamówienie katalogu|id: 719|email: maszotaartur@tlen.pl
2024-02-27 07:00:57 - Przelewy24: Transakcja została zarejestrowana poprawnie, id: 720
2024-02-27 07:01:25 - Przelewy24: Odczytano orderId, id: 720 | p24ID: 36470894
2024-02-27 07:01:26 - Przelewy24: Transakcja została zweryfikowana poprawnie, id: 720 | p24ID: 36470894
2024-02-27 10:08:04 - Przelewy24: Transakcja została zarejestrowana poprawnie, id: 721
2024-02-27 10:10:18 - Przelewy24: Odczytano orderId, id: 721 | p24ID: 36500287
2024-02-27 10:10:18 - Przelewy24: Transakcja została zweryfikowana poprawnie, id: 721 | p24ID: 36500287
2024-02-28 18:29:06 - Zamówienie katalogu|id: 722|email: agawrc@poczta.onet.pl
