2024-10-02 14:46:06 - Przelewy24: Transakcja została zarejestrowana poprawnie, id: 984
2024-10-02 14:48:40 - Przelewy24: Odczytano orderId, id: 984 | p24ID: 71364629
2024-10-02 14:48:41 - Przelewy24: Transakcja została zweryfikowana poprawnie, id: 984 | p24ID: 71364629
2024-10-05 15:37:08 - Przelewy24: Transakcja została zarejestrowana poprawnie, id: 986
2024-10-05 15:38:16 - Przelewy24: Odczytano orderId, id: 986 | p24ID: 71947149
2024-10-05 15:38:17 - Przelewy24: Transakcja została zweryfikowana poprawnie, id: 986 | p24ID: 71947149
2024-10-06 11:24:06 - Zamówienie katalogu|id: 987|email: ewakwi1@o2.pl
2024-10-06 13:46:31 - Zamówienie katalogu|id: 988|email: mateusz.brocki@gmail.com
2024-10-07 12:56:29 - Przelewy24: Transakcja została zarejestrowana poprawnie, id: 992
2024-10-07 12:58:19 - Przelewy24: Odczytano orderId, id: 992 | p24ID: 72262738
2024-10-07 12:58:19 - Przelewy24: Transakcja została zweryfikowana poprawnie, id: 992 | p24ID: 72262738
2024-10-07 13:21:35 - Zamówienie katalogu|id: 994|email: martakazana24@gmail.com
2024-10-07 20:32:58 - Zamówienie katalogu|id: 995|email: jakub.w.romanowski@gmail.com
2024-10-09 09:08:06 - Przelewy24: Transakcja została zarejestrowana poprawnie, id: 996
2024-10-09 09:10:19 - Przelewy24: Odczytano orderId, id: 996 | p24ID: 72593444
2024-10-09 09:10:20 - Przelewy24: Transakcja została zweryfikowana poprawnie, id: 996 | p24ID: 72593444
2024-10-11 07:38:29 - Zamówienie katalogu|id: 997|email: justyna2207@vp.pl
2024-10-11 11:45:58 - Przelewy24: Transakcja została zarejestrowana poprawnie, id: 998
2024-10-12 17:15:08 - Zamówienie katalogu|id: 999|email: manioibasia@o2.pl
2024-10-12 21:31:21 - Zamówienie katalogu|id: 1000|email: dagger3@poczta.onet.pl
2024-10-14 08:57:48 - Zamówienie katalogu|id: 1001|email: M_chuda@op.pl
2024-10-14 11:31:29 - Zamówienie katalogu|id: 1002|email: zanetaa_96@wp.pl
2024-10-14 18:15:49 - Zamówienie katalogu|id: 1003|email: Grudzinska.a@wp.pl
2024-10-16 20:05:59 - Zamówienie katalogu|id: 1005|email: dylkowska.barbara@wp.pl
2024-10-17 12:14:56 - Zamówienie katalogu|id: 1006|email: kolodziejczakklaudia@gmail.com
2024-10-20 10:38:41 - Zamówienie katalogu|id: 1007|email: jowita.strynowicz@gmail.com
2024-10-21 09:14:26 - Przelewy24: Transakcja została zarejestrowana poprawnie, id: 1008
2024-10-21 09:15:19 - Przelewy24: Odczytano orderId, id: 1008 | p24ID: 74738745
2024-10-21 09:15:20 - Przelewy24: Transakcja została zweryfikowana poprawnie, id: 1008 | p24ID: 74738745
2024-10-21 18:20:24 - Przelewy24: Transakcja została zarejestrowana poprawnie, id: 1009
2024-10-21 18:21:23 - Przelewy24: Odczytano orderId, id: 1009 | p24ID: 74840615
2024-10-21 18:21:23 - Przelewy24: Transakcja została zweryfikowana poprawnie, id: 1009 | p24ID: 74840615
2024-10-26 16:41:03 - Przelewy24: Transakcja została zarejestrowana poprawnie, id: 1012
2024-10-26 16:42:56 - Przelewy24: Odczytano orderId, id: 1012 | p24ID: 75591216
2024-10-26 16:42:57 - Przelewy24: Transakcja została zweryfikowana poprawnie, id: 1012 | p24ID: 75591216
2024-10-27 06:30:22 - Zamówienie katalogu|id: 1013|email: k.mazur0385@gmail.com
2024-10-27 16:24:33 - Przelewy24: Transakcja została zarejestrowana poprawnie, id: 1014
2024-10-27 16:26:35 - Przelewy24: Odczytano orderId, id: 1014 | p24ID: 75723609
2024-10-27 16:26:35 - Przelewy24: Transakcja została zweryfikowana poprawnie, id: 1014 | p24ID: 75723609
2024-10-27 18:28:05 - Zamówienie katalogu|id: 1015|email: kindly300@gmail.com
2024-10-28 18:58:45 - Zamówienie katalogu|id: 1016|email: Karolinakopania@wp.pl
2024-10-29 20:24:57 - Przelewy24: Transakcja została zarejestrowana poprawnie, id: 1017
2024-10-29 20:26:36 - Przelewy24: Odczytano orderId, id: 1017 | p24ID: 76115526
2024-10-29 20:26:37 - Przelewy24: Transakcja została zweryfikowana poprawnie, id: 1017 | p24ID: 76115526
2024-10-30 20:53:16 - Zamówienie katalogu|id: 1019|email: agnieszka.szmytkaa@wp.pl
2024-10-30 21:47:00 - Przelewy24: Transakcja została zarejestrowana poprawnie, id: 1020
2024-10-30 21:48:44 - Przelewy24: Odczytano orderId, id: 1020 | p24ID: 76299272
2024-10-30 21:48:45 - Przelewy24: Transakcja została zweryfikowana poprawnie, id: 1020 | p24ID: 76299272
