2024-04-02 15:49:43 - Zamówienie katalogu|id: 756|email: renia08091@gmail.com
2024-04-04 16:03:07 - Zamówienie katalogu|id: 758|email: annabroma85@gmail.com
2024-04-04 16:03:21 - Zamówienie katalogu|id: 759|email: annabroma85@gmail.com
2024-04-06 15:44:26 - Zamówienie katalogu|id: 760|email: anna.przystawska@poczta.fm
2024-04-09 11:30:08 - Przelewy24: Transakcja została zarejestrowana poprawnie, id: 761
2024-04-09 11:34:28 - Przelewy24: Odczytano orderId, id: 761 | p24ID: 43234045
2024-04-09 11:37:28 - Przelewy24: Odczytano orderId, id: 761 | p24ID: 43234045
2024-04-09 11:42:30 - Przelewy24: Odczytano orderId, id: 761 | p24ID: 43234045
2024-04-09 11:57:30 - Przelewy24: Odczytano orderId, id: 761 | p24ID: 43234045
2024-04-09 12:27:30 - Przelewy24: Odczytano orderId, id: 761 | p24ID: 43234045
2024-04-09 13:27:30 - Przelewy24: Odczytano orderId, id: 761 | p24ID: 43234045
2024-04-09 15:57:30 - Przelewy24: Odczytano orderId, id: 761 | p24ID: 43234045
2024-04-09 23:27:30 - Przelewy24: Odczytano orderId, id: 761 | p24ID: 43234045
2024-04-11 21:04:06 - Zamówienie katalogu|id: 762|email: cdndorotacitkowska@wp.pl
2024-04-12 20:41:09 - Przelewy24: Transakcja została zarejestrowana poprawnie, id: 764
2024-04-12 20:42:24 - Przelewy24: Odczytano orderId, id: 764 | p24ID: 43894857
2024-04-12 20:45:24 - Przelewy24: Odczytano orderId, id: 764 | p24ID: 43894857
2024-04-12 20:50:25 - Przelewy24: Odczytano orderId, id: 764 | p24ID: 43894857
2024-04-12 21:05:25 - Przelewy24: Odczytano orderId, id: 764 | p24ID: 43894857
2024-04-12 21:35:25 - Przelewy24: Odczytano orderId, id: 764 | p24ID: 43894857
2024-04-12 22:35:26 - Przelewy24: Odczytano orderId, id: 764 | p24ID: 43894857
2024-04-13 01:05:26 - Przelewy24: Odczytano orderId, id: 764 | p24ID: 43894857
2024-04-13 08:35:26 - Przelewy24: Odczytano orderId, id: 764 | p24ID: 43894857
2024-04-14 15:33:36 - Zamówienie katalogu|id: 765|email: maciejstarachowice@gmail.com
2024-04-14 15:34:50 - Zamówienie katalogu|id: 766|email: maciejstarachowice@gmail.com
2024-04-15 11:14:15 - Zamówienie katalogu|id: 768|email: kaskasuro1@o2.pl
2024-04-15 15:36:21 - Zamówienie katalogu|id: 770|email: kasiula20.kr@gmail.com
2024-04-16 12:49:54 - Zamówienie katalogu|id: 771|email: adrianabytys@gmail.com
2024-04-17 06:15:26 - Przelewy24: Transakcja została zarejestrowana poprawnie, id: 772
2024-04-17 08:04:23 - Przelewy24: Transakcja została zarejestrowana poprawnie, id: 773
2024-04-17 08:05:59 - Przelewy24: Odczytano orderId, id: 773 | p24ID: 44617374
2024-04-17 08:08:59 - Przelewy24: Odczytano orderId, id: 773 | p24ID: 44617374
2024-04-17 08:13:59 - Przelewy24: Odczytano orderId, id: 773 | p24ID: 44617374
2024-04-17 12:11:10 - Przelewy24: Transakcja została zarejestrowana poprawnie, id: 774
2024-04-17 12:14:14 - Przelewy24: Odczytano orderId, id: 774 | p24ID: 44663737
2024-04-17 12:14:14 - Przelewy24: Transakcja została zweryfikowana poprawnie, id: 774 | p24ID: 44663737
2024-04-17 12:35:58 - Przelewy24: Transakcja została zarejestrowana poprawnie, id: 775
2024-04-17 12:46:51 - Przelewy24: Odczytano orderId, id: 775 | p24ID: 44669315
2024-04-17 12:46:51 - Przelewy24: Transakcja została zweryfikowana poprawnie, id: 775 | p24ID: 44669315
2024-04-17 19:40:49 - Przelewy24: Transakcja została zarejestrowana poprawnie, id: 777
2024-04-17 19:43:38 - Przelewy24: Odczytano orderId, id: 777 | p24ID: 44740495
2024-04-17 19:43:38 - Przelewy24: Transakcja została zweryfikowana poprawnie, id: 777 | p24ID: 44740495
2024-04-18 19:45:30 - Przelewy24: Transakcja została zarejestrowana poprawnie, id: 780
2024-04-18 19:46:56 - Przelewy24: Odczytano orderId, id: 780 | p24ID: 44906292
2024-04-18 19:46:56 - Przelewy24: Transakcja została zweryfikowana poprawnie, id: 780 | p24ID: 44906292
2024-04-18 20:21:25 - Zamówienie katalogu|id: 781|email: jagodka@poczta.onet.pl
2024-04-19 22:22:55 - Zamówienie katalogu|id: 782|email: monikakazmierczak09@gmail.com
2024-04-20 14:21:17 - Przelewy24: Transakcja została zarejestrowana poprawnie, id: 783
2024-04-20 14:23:32 - Przelewy24: Odczytano orderId, id: 783 | p24ID: 45156387
2024-04-20 14:23:33 - Przelewy24: Transakcja została zweryfikowana poprawnie, id: 783 | p24ID: 45156387
2024-04-22 09:16:02 - Zamówienie katalogu|id: 785|email: justynakus16@onet.pl
2024-04-22 16:44:22 - Przelewy24: Transakcja została zarejestrowana poprawnie, id: 786
2024-04-22 16:46:57 - Przelewy24: Odczytano orderId, id: 786 | p24ID: 45525529
2024-04-22 16:46:58 - Przelewy24: Transakcja została zweryfikowana poprawnie, id: 786 | p24ID: 45525529
2024-04-23 11:30:16 - Zamówienie katalogu|id: 787|email: krukowski.radoslaw@wp.pl
2024-04-24 16:09:58 - Przelewy24: Transakcja została zarejestrowana poprawnie, id: 788
2024-04-24 16:25:30 - Przelewy24: Odczytano orderId, id: 788 | p24ID: 45860197
2024-04-24 16:25:31 - Przelewy24: Transakcja została zweryfikowana poprawnie, id: 788 | p24ID: 45860197
2024-04-25 09:51:25 - Zamówienie katalogu|id: 789|email: karol151297@gmail.com
2024-04-29 15:14:58 - Przelewy24: Transakcja została zarejestrowana poprawnie, id: 790
2024-04-29 15:32:19 - Przelewy24: Odczytano orderId, id: 790 | p24ID: 46562339
2024-04-29 15:32:19 - Przelewy24: Transakcja została zweryfikowana poprawnie, id: 790 | p24ID: 46562339
2024-04-30 12:23:37 - Przelewy24: Transakcja została zarejestrowana poprawnie, id: 792
2024-04-30 12:25:34 - Przelewy24: Odczytano orderId, id: 792 | p24ID: 46684859
2024-04-30 12:25:34 - Przelewy24: Transakcja została zweryfikowana poprawnie, id: 792 | p24ID: 46684859
