2024-05-01 11:33:51 - Zamówienie katalogu|id: 793|email: pietrzaknatalia2003@gmail.com
2024-05-02 19:09:43 - Zamówienie katalogu|id: 794|email: mastaparuva@gmail.com
2024-05-02 19:55:36 - Zamówienie katalogu|id: 795|email: wladyslaw.sielicki@gmail.com
2024-05-03 12:38:54 - Zamówienie katalogu|id: 796|email: Oll.li@interia.pl
2024-05-04 18:49:19 - Przelewy24: Transakcja została zarejestrowana poprawnie, id: 797
2024-05-04 18:54:08 - Przelewy24: Odczytano orderId, id: 797 | p24ID: 47193629
2024-05-04 18:54:09 - Przelewy24: Transakcja została zweryfikowana poprawnie, id: 797 | p24ID: 47193629
2024-05-04 20:39:49 - Zamówienie katalogu|id: 798|email: Karolina_radtke@o2.pl
2024-05-06 15:47:03 - Zamówienie katalogu|id: 800|email: general152@wp.pl
2024-05-07 14:07:49 - Zamówienie katalogu|id: 801|email: ancysia90@gmail.com
2024-05-08 18:14:40 - Zamówienie katalogu|id: 802|email: daria.wrobel@o2.pl
2024-05-08 21:13:24 - Przelewy24: Transakcja została zarejestrowana poprawnie, id: 803
2024-05-08 21:15:07 - Przelewy24: Transakcja została zarejestrowana poprawnie, id: 804
2024-05-08 21:18:15 - Przelewy24: Odczytano orderId, id: 804 | p24ID: 47939774
2024-05-08 21:18:15 - Przelewy24: Transakcja została zweryfikowana poprawnie, id: 804 | p24ID: 47939774
2024-05-09 17:43:46 - Przelewy24: Transakcja została zarejestrowana poprawnie, id: 805
2024-05-09 17:51:18 - Przelewy24: Odczytano orderId, id: 805 | p24ID: 48089474
2024-05-09 17:51:19 - Przelewy24: Transakcja została zweryfikowana poprawnie, id: 805 | p24ID: 48089474
2024-05-11 08:41:25 - Zamówienie katalogu|id: 807|email: radek.sza@gmail.com
2024-05-12 18:51:29 - Zamówienie katalogu|id: 808|email: piter33g@gmail.com
2024-05-13 05:37:51 - Zamówienie katalogu|id: 809|email: kasiaawyszynska@wp.pl
2024-05-13 16:43:39 - Przelewy24: Transakcja została zarejestrowana poprawnie, id: 810
2024-05-13 16:44:20 - Przelewy24: Odczytano orderId, id: 810 | p24ID: 48759639
2024-05-13 16:44:20 - Przelewy24: Transakcja została zweryfikowana poprawnie, id: 810 | p24ID: 48759639
2024-05-16 09:16:36 - Zamówienie katalogu|id: 812|email: lawniczak.jacek@gmail.com
2024-05-16 20:31:16 - Zamówienie katalogu|id: 813|email: denyssemeonov@gmail.com
2024-05-17 15:12:53 - Przelewy24: Transakcja została zarejestrowana poprawnie, id: 815
2024-05-17 15:15:43 - Przelewy24: Odczytano orderId, id: 815 | p24ID: 49441771
2024-05-17 15:15:43 - Przelewy24: Transakcja została zweryfikowana poprawnie, id: 815 | p24ID: 49441771
2024-05-18 21:03:46 - Zamówienie katalogu|id: 816|email: katarzyna.zwierz3112@gmail.com
2024-05-19 16:42:08 - Zamówienie katalogu|id: 817|email: Marzi1987@autograf.pl
2024-05-19 19:29:41 - Przelewy24: Transakcja została zarejestrowana poprawnie, id: 818
2024-05-19 19:31:02 - Przelewy24: Odczytano orderId, id: 818 | p24ID: 49890948
2024-05-19 19:31:02 - Przelewy24: Transakcja została zweryfikowana poprawnie, id: 818 | p24ID: 49890948
2024-05-19 20:41:13 - Przelewy24: Transakcja została zarejestrowana poprawnie, id: 820
2024-05-19 20:43:35 - Przelewy24: Odczytano orderId, id: 820 | p24ID: 49905560
2024-05-19 20:43:35 - Przelewy24: Transakcja została zweryfikowana poprawnie, id: 820 | p24ID: 49905560
2024-05-22 07:56:05 - Zamówienie katalogu|id: 821|email: JULIENNE1@WP.PL
2024-05-22 16:56:05 - Zamówienie katalogu|id: 822|email: tomekseczyk@gmail.com
2024-05-27 21:40:22 - Zamówienie katalogu|id: 824|email: paulinasekura@wp.pl
2024-05-28 07:58:59 - Zamówienie katalogu|id: 825|email: patinow83@o2.pl
2024-05-28 08:11:50 - Zamówienie katalogu|id: 826|email: patinow83@o2.pl
2024-05-29 08:30:46 - Przelewy24: Transakcja została zarejestrowana poprawnie, id: 827
2024-05-29 08:33:19 - Przelewy24: Odczytano orderId, id: 827 | p24ID: 51337690
2024-05-29 08:33:19 - Przelewy24: Transakcja została zweryfikowana poprawnie, id: 827 | p24ID: 51337690
2024-05-29 14:00:03 - Zamówienie katalogu|id: 828|email: anna@jodkowska.pl
2024-05-29 19:31:16 - Zamówienie katalogu|id: 829|email: Madziarsl@tlen.pl
2024-05-30 20:19:01 - Zamówienie katalogu|id: 830|email: mirk.ebelewicz@op.pl
2024-05-30 21:29:13 - Zamówienie katalogu|id: 831|email: slakus53@gmail.com
2024-05-31 04:30:48 - Zamówienie katalogu|id: 832|email: lusi85@buziaczek.pl
