2024-03-03 12:07:45 - Zamówienie katalogu|id: 723|email: emil.tyliszczak@gmail.com
2024-03-04 14:22:46 - Zamówienie katalogu|id: 724|email: kowalczyk_pa@o2.pl
2024-03-04 15:14:30 - Zamówienie katalogu|id: 725|email: ewelina.drozdzal@onet.pl
2024-03-05 11:36:51 - Przelewy24: Transakcja została zarejestrowana poprawnie, id: 728
2024-03-05 15:30:21 - Zamówienie katalogu|id: 729|email: alex.tycho1@gmail.com
2024-03-07 07:33:12 - Zamówienie katalogu|id: 730|email: angelatomekkubus@wp.pl
2024-03-13 17:00:07 - Zamówienie katalogu|id: 733|email: stosik89@o2.pl
2024-03-14 11:03:39 - Przelewy24: Transakcja została zarejestrowana poprawnie, id: 734
2024-03-14 12:32:23 - Przelewy24: Transakcja została zarejestrowana poprawnie, id: 735
2024-03-14 12:33:20 - Przelewy24: Odczytano orderId, id: 735 | p24ID: 39385981
2024-03-14 12:33:21 - Przelewy24: Transakcja została zweryfikowana poprawnie, id: 735 | p24ID: 39385981
2024-03-15 09:42:16 - Zamówienie katalogu|id: 736|email: slizhunted@gmail.com
2024-03-20 11:49:46 - Zamówienie katalogu|id: 738|email: majchrzykp2@gmail.com
2024-03-22 08:58:29 - Przelewy24: Transakcja została zarejestrowana poprawnie, id: 739
2024-03-22 09:31:58 - Przelewy24: Odczytano orderId, id: 739 | p24ID: 40589193
2024-03-22 09:31:58 - Przelewy24: Transakcja została zweryfikowana poprawnie, id: 739 | p24ID: 40589193
2024-03-23 04:55:26 - Zamówienie katalogu|id: 741|email: sylwia.gontarczyk@a-zet-nieruchomosci.pl
2024-03-23 14:27:34 - Zamówienie katalogu|id: 742|email: kasiagolunska@wp.pl
2024-03-25 07:06:13 - Przelewy24: Transakcja została zarejestrowana poprawnie, id: 744
2024-03-25 07:07:14 - Przelewy24: Odczytano orderId, id: 744 | p24ID: 40982943
2024-03-25 07:07:15 - Przelewy24: Transakcja została zweryfikowana poprawnie, id: 744 | p24ID: 40982943
2024-03-25 11:10:17 - Zamówienie katalogu|id: 745|email: kambodia@interia.pl
2024-03-25 13:35:29 - Zamówienie katalogu|id: 746|email: pmrozana@gmail.com
2024-03-25 19:52:46 - Zamówienie katalogu|id: 747|email: wiktoria2003-73@o2.pl
2024-03-28 07:33:07 - Zamówienie katalogu|id: 749|email: wikuniadete@gmail.com
2024-03-29 11:05:43 - Zamówienie katalogu|id: 750|email: crazywolf.1994@wp.pl
2024-03-30 13:35:57 - Zamówienie katalogu|id: 751|email: agalukasik@poczta.onet.pl
2024-03-30 13:37:22 - Zamówienie katalogu|id: 752|email: agalukasik@poczta.onet.pl
