2024-06-01 12:45:28 - Zamówienie katalogu|id: 834|email: vascoal@interia.pl
2024-06-01 20:33:40 - Zamówienie katalogu|id: 835|email: lukasz23k@gmail.com
2024-06-02 11:36:56 - Zamówienie katalogu|id: 836|email: kasiacerek292@interia.pl
2024-06-03 14:55:20 - Zamówienie katalogu|id: 837|email: tadeusz.psoda@wp.pl
2024-06-05 12:55:06 - Zamówienie katalogu|id: 839|email: ismonowicz@interia.pl
2024-06-06 07:08:07 - Zamówienie katalogu|id: 840|email: sylwia.jankowicz.80@gmail.com
2024-06-06 07:08:45 - Zamówienie katalogu|id: 841|email: sylwia.jankowicz.80@gmail.com
2024-06-11 12:29:47 - Zamówienie katalogu|id: 843|email: paulina.lagowska.97@gmail.com
2024-06-13 09:43:25 - Zamówienie katalogu|id: 844|email: ppen@vp.pl
2024-06-14 19:43:17 - Zamówienie katalogu|id: 845|email: izabela.remiszewska@op.pl
2024-06-16 15:25:37 - Zamówienie katalogu|id: 846|email: vascoal@interia.pl
2024-06-16 22:44:33 - Zamówienie katalogu|id: 848|email: Kpwp@wp.pl
2024-06-17 17:31:13 - Zamówienie katalogu|id: 849|email: szymonpiotrowski.953@gmail.com
2024-06-18 19:19:52 - Przelewy24: Transakcja została zarejestrowana poprawnie, id: 850
2024-06-18 19:22:08 - Przelewy24: Odczytano orderId, id: 850 | p24ID: 54750260
2024-06-18 19:22:09 - Przelewy24: Transakcja została zweryfikowana poprawnie, id: 850 | p24ID: 54750260
2024-06-19 04:12:37 - Przelewy24: Transakcja została zarejestrowana poprawnie, id: 851
2024-06-19 04:17:12 - Przelewy24: Odczytano orderId, id: 851 | p24ID: 54780054
2024-06-19 04:17:12 - Przelewy24: Transakcja została zweryfikowana poprawnie, id: 851 | p24ID: 54780054
2024-06-22 09:30:44 - Zamówienie katalogu|id: 852|email: mackowiakp@o2.pl
2024-06-23 06:55:57 - Zamówienie katalogu|id: 853|email: rafa599@wp.pl
2024-06-24 10:12:09 - Przelewy24: Transakcja została zarejestrowana poprawnie, id: 855
2024-06-24 17:45:30 - Zamówienie katalogu|id: 856|email: kowbeata@interia.pl
2024-06-24 18:32:38 - Przelewy24: Transakcja została zarejestrowana poprawnie, id: 857
2024-06-24 18:35:03 - Przelewy24: Odczytano orderId, id: 857 | p24ID: 55584632
2024-06-24 18:35:03 - Przelewy24: Transakcja została zweryfikowana poprawnie, id: 857 | p24ID: 55584632
2024-06-24 21:53:33 - Przelewy24: Transakcja została zarejestrowana poprawnie, id: 858
2024-06-24 22:07:08 - Przelewy24: Odczytano orderId, id: 858 | p24ID: 55613313
2024-06-24 22:07:09 - Przelewy24: Transakcja została zweryfikowana poprawnie, id: 858 | p24ID: 55613313
2024-06-25 09:29:47 - Zamówienie katalogu|id: 859|email: iwonalukasik429@gmail.com
2024-06-25 15:38:19 - Zamówienie katalogu|id: 860|email: zebrowska.i.1991@gmail.com
2024-06-25 15:58:41 - Przelewy24: Transakcja została zarejestrowana poprawnie, id: 861
2024-06-25 16:00:14 - Przelewy24: Odczytano orderId, id: 861 | p24ID: 55717971
2024-06-25 16:00:14 - Przelewy24: Transakcja została zweryfikowana poprawnie, id: 861 | p24ID: 55717971
2024-06-26 20:53:36 - Zamówienie katalogu|id: 862|email: a.safaryn@wp.pl
2024-06-27 08:44:53 - Zamówienie katalogu|id: 863|email: monryg@wp.pl
2024-06-27 16:27:03 - Zamówienie katalogu|id: 864|email: Daniel_rubacha_3@o2.pl
2024-06-28 12:25:24 - Zamówienie katalogu|id: 866|email: Margolcia3108@gmail.com
2024-06-29 11:29:02 - Zamówienie katalogu|id: 867|email: adam1995mada@gmail.com
