2024-07-01 08:17:23 - Zamówienie katalogu|id: 868|email: oliwiaxcwiklinska01@gmail.com
2024-07-01 15:54:06 - Przelewy24: Transakcja została zarejestrowana poprawnie, id: 869
2024-07-01 15:55:09 - Przelewy24: Odczytano orderId, id: 869 | p24ID: 56584365
2024-07-01 15:55:09 - Przelewy24: Transakcja została zweryfikowana poprawnie, id: 869 | p24ID: 56584365
2024-07-02 11:17:54 - Zamówienie katalogu|id: 870|email: ryczko83@gmail.com
2024-07-02 19:10:13 - Zamówienie katalogu|id: 872|email: iwonamaroszek@gmail.com
2024-07-04 14:07:54 - Zamówienie katalogu|id: 873|email: vascoal@interia.pl
2024-07-04 14:08:20 - Zamówienie katalogu|id: 874|email: vascoal@interia.pl
2024-07-04 18:32:06 - Zamówienie katalogu|id: 875|email: angelikalorenowicz8@gmail.com
2024-07-06 06:47:57 - Przelewy24: Transakcja została zarejestrowana poprawnie, id: 876
2024-07-07 11:13:22 - Zamówienie katalogu|id: 878|email: Weronika5435@wp.pl
2024-07-07 11:26:27 - Zamówienie katalogu|id: 879|email: wojciechwloda@gmail.com
2024-07-07 20:33:40 - Zamówienie katalogu|id: 880|email: vascoal@interia.pl
2024-07-08 20:29:11 - Zamówienie katalogu|id: 882|email: piku92@wp.pl
2024-07-12 07:33:35 - Przelewy24: Transakcja została zarejestrowana poprawnie, id: 883
2024-07-12 07:36:44 - Przelewy24: Odczytano orderId, id: 883 | p24ID: 58295384
2024-07-12 07:36:45 - Przelewy24: Transakcja została zweryfikowana poprawnie, id: 883 | p24ID: 58295384
2024-07-13 15:01:34 - Zamówienie katalogu|id: 884|email: mattins25@wp.pl
2024-07-15 09:08:35 - Zamówienie katalogu|id: 886|email: Gosiakos230@gmail.com
2024-07-15 18:55:47 - Przelewy24: Transakcja została zarejestrowana poprawnie, id: 887
2024-07-15 18:56:21 - Przelewy24: Odczytano orderId, id: 887 | p24ID: 58818112
2024-07-15 18:56:21 - Przelewy24: Transakcja została zweryfikowana poprawnie, id: 887 | p24ID: 58818112
2024-07-16 07:33:32 - Zamówienie katalogu|id: 888|email: Ilona09033@wp.pl
2024-07-18 08:27:19 - Zamówienie katalogu|id: 890|email: kasia11123x@gmail.com
2024-07-19 15:31:19 - Zamówienie katalogu|id: 892|email: julawer@gmail.com
2024-07-21 17:54:38 - Zamówienie katalogu|id: 895|email: karolinaskorczewska@gmail.com
2024-07-21 18:16:49 - Zamówienie katalogu|id: 896|email: marta.matyszczak@op.pl
2024-07-21 19:05:10 - Przelewy24: Transakcja została zarejestrowana poprawnie, id: 897
2024-07-21 19:07:07 - Przelewy24: Odczytano orderId, id: 897 | p24ID: 59671550
2024-07-21 19:07:07 - Przelewy24: Transakcja została zweryfikowana poprawnie, id: 897 | p24ID: 59671550
2024-07-23 08:59:14 - Zamówienie katalogu|id: 898|email: alex.walczak97@gmail.com
2024-07-24 19:38:40 - Zamówienie katalogu|id: 899|email: agaglinkowska93@gmail.com
2024-07-25 11:29:11 - Zamówienie katalogu|id: 900|email: a.trzyna@wp.pl
2024-07-29 09:19:23 - Przelewy24: Transakcja została zarejestrowana poprawnie, id: 902
2024-07-29 09:20:51 - Przelewy24: Odczytano orderId, id: 902 | p24ID: 60733539
2024-07-29 09:20:51 - Przelewy24: Transakcja została zweryfikowana poprawnie, id: 902 | p24ID: 60733539
2024-07-29 19:55:46 - Zamówienie katalogu|id: 904|email: skrzeczkowskaanna@wp.pl
2024-07-31 05:26:24 - Zamówienie katalogu|id: 907|email: pchudzynska2597@gmail.com
2024-07-31 11:51:25 - Przelewy24: Transakcja została zarejestrowana poprawnie, id: 908
2024-07-31 11:52:26 - Przelewy24: Odczytano orderId, id: 908 | p24ID: 61082657
2024-07-31 11:52:26 - Przelewy24: Transakcja została zweryfikowana poprawnie, id: 908 | p24ID: 61082657
2024-07-31 19:12:57 - Zamówienie katalogu|id: 909|email: c6emilie@gmail.com
2024-07-31 22:27:09 - Zamówienie katalogu|id: 910|email: kulkaa88@gmail.com
