2024-11-01 17:46:10 - Zamówienie katalogu|id: 1021|email: niedzwiedzz@hotmail.com
2024-11-02 10:12:45 - Zamówienie katalogu|id: 1022|email: magdalena.gorlo@gmail.com
2024-11-04 18:41:16 - Zamówienie katalogu|id: 1023|email: blekicik@interia.pl
2024-11-04 21:52:48 - Zamówienie katalogu|id: 1024|email: gohbor@gmail.com
2024-11-07 21:27:27 - Zamówienie katalogu|id: 1025|email: n.kierasinska@wp.pl
2024-11-07 21:53:23 - Zamówienie katalogu|id: 1026|email: domini_canes@wp.pl
2024-11-08 16:22:46 - Przelewy24: Transakcja została zarejestrowana poprawnie, id: 1027
2024-11-08 16:24:18 - Przelewy24: Odczytano orderId, id: 1027 | p24ID: 77787202
2024-11-08 16:24:18 - Przelewy24: Transakcja została zweryfikowana poprawnie, id: 1027 | p24ID: 77787202
2024-11-10 14:26:45 - Zamówienie katalogu|id: 1028|email: bartosz-wieliczko@wp.pl
2024-11-11 14:15:09 - Zamówienie katalogu|id: 1029|email: poloczek.budowa@gmail.com
2024-11-12 13:13:32 - Zamówienie katalogu|id: 1030|email: tananisj@gmail.com
2024-11-12 22:42:17 - Zamówienie katalogu|id: 1031|email: pankowski.blazej@gmail.com
2024-11-13 10:49:26 - Zamówienie katalogu|id: 1032|email: damian.betlej@wp.pl
2024-11-13 19:43:05 - Przelewy24: Transakcja została zarejestrowana poprawnie, id: 1033
2024-11-13 19:43:33 - Przelewy24: Transakcja została zarejestrowana poprawnie, id: 1034
2024-11-13 19:46:35 - Przelewy24: Odczytano orderId, id: 1034 | p24ID: 78728006
2024-11-13 19:46:36 - Przelewy24: Transakcja została zweryfikowana poprawnie, id: 1034 | p24ID: 78728006
2024-11-14 06:46:52 - Zamówienie katalogu|id: 1035|email: patrycja.malenka@interia.pl
2024-11-14 12:49:38 - Zamówienie katalogu|id: 1036|email: cok.house.technology@gmail.com
2024-11-18 13:02:24 - Zamówienie katalogu|id: 1038|email: wojtek.sliz@wp.pl
2024-11-20 14:15:30 - Zamówienie katalogu|id: 1041|email: beatadechnik@wp.pl
2024-11-22 23:07:42 - Zamówienie katalogu|id: 1042|email: Bobixmatix@gmail.com
2024-11-26 18:35:59 - Zamówienie katalogu|id: 1046|email: kudasgrzegorz@gmail.com
2024-11-27 18:55:17 - Zamówienie katalogu|id: 1047|email: ejanuszewska@gazeta.pl
