2024-01-01 09:40:57 - Zamówienie katalogu|id: 637|email: czarnik@op.pl
2024-01-02 12:25:07 - Przelewy24: Transakcja została zarejestrowana poprawnie, id: 638
2024-01-02 12:25:53 - Przelewy24: Odczytano orderId, id: 638 | p24ID: 27121185
2024-01-02 12:25:54 - Przelewy24: Transakcja została zweryfikowana poprawnie, id: 638 | p24ID: 27121185
2024-01-02 21:26:08 - Zamówienie katalogu|id: 639|email: badyzor@gmail.com
2024-01-03 09:34:00 - Zamówienie katalogu|id: 640|email: krasuska.kar99@gmail.com
2024-01-04 07:34:43 - Zamówienie katalogu|id: 641|email: luki_2211@o2.pl
2024-01-04 16:22:13 - Zamówienie katalogu|id: 642|email: Agnieszka_gan@op.pl
2024-01-05 00:45:49 - Zamówienie katalogu|id: 643|email: eesteaching@gmail.com
2024-01-05 10:37:18 - Zamówienie katalogu|id: 644|email: dariaadrich1@gmail.com
2024-01-06 01:18:55 - Zamówienie katalogu|id: 645|email: andzelika.dul@gmail.com
2024-01-06 10:46:19 - Zamówienie katalogu|id: 646|email: pawel.nakonieczny@gmail.com
2024-01-06 12:02:23 - Zamówienie katalogu|id: 647|email: ceglarskiadrian48@gmail.com
2024-01-07 10:31:28 - Zamówienie katalogu|id: 648|email: Arek.gorzny@gmail.com
2024-01-08 17:55:53 - Zamówienie katalogu|id: 649|email: gosia.t3@go2.pl
2024-01-10 11:58:55 - Zamówienie katalogu|id: 650|email: krenska2@gmail.com
2024-01-10 13:40:49 - Zamówienie katalogu|id: 651|email: pat.krol3@o2.pl
2024-01-10 20:42:24 - Zamówienie katalogu|id: 652|email: berekm14@gmail.com
2024-01-10 21:17:25 - Zamówienie katalogu|id: 653|email: Kowalscy1@poczta.onet.pl
2024-01-10 22:34:11 - Zamówienie katalogu|id: 654|email: maria.r.pawlowska@gmail.com
2024-01-11 05:56:50 - Zamówienie katalogu|id: 655|email: agnieszkachruszczewska@wp.pl
2024-01-12 20:41:38 - Zamówienie katalogu|id: 657|email: marta.niezgoda@gmail.com
2024-01-15 08:31:22 - Zamówienie katalogu|id: 658|email: piotrek.gracz@wp.pl
2024-01-15 14:55:49 - Przelewy24: Transakcja została zarejestrowana poprawnie, id: 660
2024-01-15 14:56:25 - Przelewy24: Odczytano orderId, id: 660 | p24ID: 29623717
2024-01-15 14:56:25 - Przelewy24: Transakcja została zweryfikowana poprawnie, id: 660 | p24ID: 29623717
2024-01-15 23:01:23 - Zamówienie katalogu|id: 661|email: asiaczyz88@gmail.com
2024-01-16 08:59:07 - Przelewy24: Transakcja została zarejestrowana poprawnie, id: 662
2024-01-16 09:02:00 - Przelewy24: Odczytano orderId, id: 662 | p24ID: 29740112
2024-01-16 09:02:01 - Przelewy24: Transakcja została zweryfikowana poprawnie, id: 662 | p24ID: 29740112
2024-01-16 09:06:52 - Przelewy24: Transakcja została zarejestrowana poprawnie, id: 663
2024-01-16 09:08:37 - Przelewy24: Odczytano orderId, id: 663 | p24ID: 29741727
2024-01-16 09:08:37 - Przelewy24: Transakcja została zweryfikowana poprawnie, id: 663 | p24ID: 29741727
2024-01-16 12:46:23 - Zamówienie katalogu|id: 664|email: shearer-1980@tlen.pl
2024-01-19 13:35:54 - Przelewy24: Transakcja została zarejestrowana poprawnie, id: 665
2024-01-19 21:39:11 - Zamówienie katalogu|id: 666|email: dariuszmrozek1975@gmail.com
2024-01-22 19:10:37 - Zamówienie katalogu|id: 668|email: adamlorenz@onet.eu
2024-01-24 20:08:25 - Przelewy24: Transakcja została zarejestrowana poprawnie, id: 669
2024-01-24 20:25:25 - Przelewy24: Odczytano orderId, id: 669 | p24ID: 31061072
2024-01-24 20:25:25 - Przelewy24: Transakcja została zweryfikowana poprawnie, id: 669 | p24ID: 31061072
2024-01-25 10:33:20 - Zamówienie katalogu|id: 670|email: karol158@op.pl
2024-01-25 11:58:14 - Zamówienie katalogu|id: 671|email: adrian.rodzyn@gmail.com
2024-01-25 15:08:59 - Przelewy24: Transakcja została zarejestrowana poprawnie, id: 673
2024-01-25 15:09:52 - Przelewy24: Odczytano orderId, id: 673 | p24ID: 31158735
2024-01-25 15:09:53 - Przelewy24: Transakcja została zweryfikowana poprawnie, id: 673 | p24ID: 31158735
2024-01-25 19:31:55 - Zamówienie katalogu|id: 674|email: barozg1919@gmail.com
2024-01-27 17:26:16 - Zamówienie katalogu|id: 677|email: joanna.jakubowska1005@gmail.com
2024-01-29 22:35:04 - Zamówienie katalogu|id: 678|email: kaja220599@o2.pl
2024-01-31 15:53:42 - Zamówienie katalogu|id: 679|email: a.osikowski@wp.pl
2024-01-31 22:51:46 - Zamówienie katalogu|id: 680|email: w.juszczyk5@gmail.com
