2024-12-03 05:06:20 - Zamówienie katalogu|id: 1048|email: kinga.skrobala@buziaczek.pl
2024-12-03 18:21:20 - Zamówienie katalogu|id: 1051|email: kochanowiczagata@gmail.com
2024-12-11 10:20:30 - Zamówienie katalogu|id: 1053|email: wilwo@wp.pl
2024-12-13 23:01:38 - Zamówienie katalogu|id: 1054|email: p.m.checinski@gmail.com
2024-12-15 16:59:03 - Przelewy24: Transakcja została zarejestrowana poprawnie, id: 1055
2024-12-15 17:00:36 - Przelewy24: Odczytano orderId, id: 1055 | p24ID: 84745860
2024-12-15 17:00:37 - Przelewy24: Transakcja została zweryfikowana poprawnie, id: 1055 | p24ID: 84745860
2024-12-15 18:40:11 - Zamówienie katalogu|id: 1056|email: ekotermobud@wp.pl
2024-12-15 19:09:01 - Zamówienie katalogu|id: 1057|email: caipiriniia@gmail.com
2024-12-16 10:24:52 - Zamówienie katalogu|id: 1058|email: martakotula@poczta.fm
2024-12-17 21:37:10 - Zamówienie katalogu|id: 1059|email: Piotr.przyborowski5@o2.pl
2024-12-20 21:11:12 - Zamówienie katalogu|id: 1062|email: krzysiekkrzyk4@gmail.com
2024-12-21 12:15:12 - Zamówienie katalogu|id: 1063|email: cornelia.j.m@wp.pl
2024-12-22 10:20:09 - Zamówienie katalogu|id: 1064|email: damian.ulma@gmail.com
2024-12-26 16:13:28 - Zamówienie katalogu|id: 1065|email: jackoslo@poczta.fm
2024-12-26 18:29:59 - Zamówienie katalogu|id: 1066|email: justynakrupska4862@gmail.com
2024-12-28 15:16:32 - Zamówienie katalogu|id: 1067|email: adrianborkowski13@gmail.com
2024-12-29 15:47:49 - Przelewy24: Transakcja została zarejestrowana poprawnie, id: 1068
2024-12-29 15:48:37 - Przelewy24: Odczytano orderId, id: 1068 | p24ID: 86514333
2024-12-29 15:48:38 - Przelewy24: Transakcja została zweryfikowana poprawnie, id: 1068 | p24ID: 86514333
2024-12-29 23:24:48 - Zamówienie katalogu|id: 1069|email: ada-mos@wp.pl
