2024-08-01 20:53:06 - Zamówienie katalogu|id: 912|email: Bernadettaburchacka@gmail.com
2024-08-02 14:25:43 - Zamówienie katalogu|id: 914|email: beata.wisniewska8703@gmail.com
2024-08-04 15:57:57 - Zamówienie katalogu|id: 915|email: adrianlyson@vp.pl
2024-08-07 09:37:41 - Przelewy24: Transakcja została zarejestrowana poprawnie, id: 916
2024-08-07 09:39:02 - Przelewy24: Odczytano orderId, id: 916 | p24ID: 62131079
2024-08-07 09:39:02 - Przelewy24: Transakcja została zweryfikowana poprawnie, id: 916 | p24ID: 62131079
2024-08-08 10:08:07 - Zamówienie katalogu|id: 917|email: ewawechmann@gmail.com
2024-08-09 12:06:33 - Zamówienie katalogu|id: 918|email: dobierac-00.plasy@icloud.com
2024-08-11 18:55:01 - Zamówienie katalogu|id: 919|email: marek62pilarczyk@gmail.com
2024-08-12 11:14:32 - Zamówienie katalogu|id: 920|email: leszczu2@gmail.com
2024-08-12 11:30:57 - Zamówienie katalogu|id: 921|email: ewacieczko980@gmail.com
2024-08-16 20:53:56 - Zamówienie katalogu|id: 923|email: gwaw@interia.pl
2024-08-17 05:10:58 - Zamówienie katalogu|id: 924|email: miekya@wp.pl
2024-08-17 05:11:10 - Zamówienie katalogu|id: 925|email: miekya@wp.pl
2024-08-17 05:11:29 - Zamówienie katalogu|id: 926|email: miekya@wp.pl
2024-08-17 16:04:50 - Zamówienie katalogu|id: 927|email: tomasz.sieradzki2@gmail.com
2024-08-18 14:17:28 - Zamówienie katalogu|id: 928|email: Maikeru.lech@gmail.com
2024-08-18 18:44:29 - Zamówienie katalogu|id: 929|email: szczepaniak.olcia@gmail.com
2024-08-19 12:05:37 - Zamówienie katalogu|id: 930|email: dawid.kosakowski60@gmail.com
2024-08-19 14:25:40 - Zamówienie katalogu|id: 931|email: igor.daniel.domanski@gmail.com
2024-08-21 18:56:16 - Zamówienie katalogu|id: 934|email: pjankowski22@gmail.com
2024-08-21 20:24:07 - Zamówienie katalogu|id: 935|email: marta.18.04@hotmail.com
2024-08-21 20:47:28 - Przelewy24: Transakcja została zarejestrowana poprawnie, id: 936
2024-08-21 20:52:13 - Przelewy24: Odczytano orderId, id: 936 | p24ID: 64405402
2024-08-21 20:52:13 - Przelewy24: Transakcja została zweryfikowana poprawnie, id: 936 | p24ID: 64405402
2024-08-21 22:28:26 - Zamówienie katalogu|id: 937|email: diana.wojtal@tlen.pl
2024-08-22 12:28:33 - Przelewy24: Transakcja została zarejestrowana poprawnie, id: 938
2024-08-22 12:31:38 - Przelewy24: Odczytano orderId, id: 938 | p24ID: 64488228
2024-08-22 12:31:38 - Przelewy24: Transakcja została zweryfikowana poprawnie, id: 938 | p24ID: 64488228
2024-08-25 11:38:38 - Zamówienie katalogu|id: 939|email: talajanna@wp.pl
2024-08-25 12:50:02 - Zamówienie katalogu|id: 940|email: jacek.grzegowski@wp.pl
2024-08-25 20:12:02 - Przelewy24: Transakcja została zarejestrowana poprawnie, id: 941
2024-08-25 20:13:12 - Przelewy24: Odczytano orderId, id: 941 | p24ID: 64927089
2024-08-25 20:13:13 - Przelewy24: Transakcja została zweryfikowana poprawnie, id: 941 | p24ID: 64927089
2024-08-26 10:40:13 - Zamówienie katalogu|id: 942|email: mateuszdrzyzga@wp.pl
2024-08-26 12:09:13 - Przelewy24: Transakcja została zarejestrowana poprawnie, id: 943
2024-08-26 12:09:54 - Przelewy24: Odczytano orderId, id: 943 | p24ID: 65014550
2024-08-26 12:09:54 - Przelewy24: Transakcja została zweryfikowana poprawnie, id: 943 | p24ID: 65014550
2024-08-27 07:33:14 - Zamówienie katalogu|id: 944|email: witulla1@gmail.com
2024-08-29 12:32:50 - Zamówienie katalogu|id: 946|email: angelikaszefer1962@gmail.com
2024-08-29 20:29:42 - Przelewy24: Transakcja została zarejestrowana poprawnie, id: 947
2024-08-29 20:30:33 - Przelewy24: Odczytano orderId, id: 947 | p24ID: 65581129
2024-08-29 20:30:34 - Przelewy24: Transakcja została zweryfikowana poprawnie, id: 947 | p24ID: 65581129
