2025-01-01 23:33:22 - Zamówienie katalogu|id: 1070|email: dojetka@poczta.fm
2025-01-02 14:26:33 - Zamówienie katalogu|id: 1071|email: zawiaska@poczta.fm
2025-01-03 15:49:24 - Zamówienie katalogu|id: 1073|email: roman.zapala@gmail.com
2025-01-03 18:58:13 - Zamówienie katalogu|id: 1075|email: szczygiela@vp.pl
2025-01-05 09:21:09 - Zamówienie katalogu|id: 1077|email: zieba900@gmail.com
2025-01-05 12:01:17 - Zamówienie katalogu|id: 1078|email: Kawabeata98@gmail.com
2025-01-06 01:15:40 - Zamówienie katalogu|id: 1079|email: ariel.moten@interia.pl
2025-01-06 12:36:42 - Zamówienie katalogu|id: 1080|email: dk01220@gmail.com
2025-01-06 22:55:29 - Zamówienie katalogu|id: 1081|email: kryspina.steczkowska@gmail.com
2025-01-07 09:24:23 - Przelewy24: Transakcja została zarejestrowana poprawnie, id: 1082
2025-01-07 09:26:48 - Przelewy24: Odczytano orderId, id: 1082 | p24ID: 87700278
2025-01-07 09:26:49 - Przelewy24: Transakcja została zweryfikowana poprawnie, id: 1082 | p24ID: 87700278
2025-01-07 10:07:25 - Zamówienie katalogu|id: 1083|email: progredi@interia.pl
2025-01-07 22:59:12 - Zamówienie katalogu|id: 1084|email: ania.natkaniec@op.pl
2025-01-09 17:06:48 - Zamówienie katalogu|id: 1087|email: nowakkamil@op.pl
2025-01-10 08:36:43 - Przelewy24: Transakcja została zarejestrowana poprawnie, id: 1088
2025-01-10 08:38:22 - Przelewy24: Odczytano orderId, id: 1088 | p24ID: 88229082
2025-01-10 08:38:22 - Przelewy24: Transakcja została zweryfikowana poprawnie, id: 1088 | p24ID: 88229082
2025-01-10 20:33:47 - Zamówienie katalogu|id: 1089|email: klaudyna63@wp.pl
2025-01-11 11:35:46 - Przelewy24: Transakcja została zarejestrowana poprawnie, id: 1091
2025-01-11 11:36:37 - Przelewy24: Odczytano orderId, id: 1091 | p24ID: 88422456
2025-01-11 11:36:38 - Przelewy24: Transakcja została zweryfikowana poprawnie, id: 1091 | p24ID: 88422456
2025-01-12 14:09:25 - Zamówienie katalogu|id: 1092|email: chlopeckajoanna225@gmail.com
2025-01-12 14:09:55 - Zamówienie katalogu|id: 1093|email: chlopeckajoanna225@gmail.com
2025-01-13 12:42:09 - Przelewy24: Transakcja została zarejestrowana poprawnie, id: 1094
2025-01-13 12:44:11 - Przelewy24: Odczytano orderId, id: 1094 | p24ID: 88780608
2025-01-13 12:44:12 - Przelewy24: Transakcja została zweryfikowana poprawnie, id: 1094 | p24ID: 88780608
2025-01-14 09:54:11 - Zamówienie katalogu|id: 1096|email: dombry5891@gmail.com
2025-01-18 14:37:54 - Przelewy24: Transakcja została zarejestrowana poprawnie, id: 1099
2025-01-18 14:43:56 - Przelewy24: Odczytano orderId, id: 1099 | p24ID: 89595290
2025-01-18 14:43:57 - Przelewy24: Transakcja została zweryfikowana poprawnie, id: 1099 | p24ID: 89595290
2025-01-18 23:25:01 - Zamówienie katalogu|id: 1100|email: analov@wp.pl
2025-01-20 09:58:04 - Zamówienie katalogu|id: 1101|email: przeor52@op.pl
2025-01-20 18:12:20 - Zamówienie katalogu|id: 1102|email: zanetak@interia.pl
2025-01-21 14:07:14 - Zamówienie katalogu|id: 1103|email: ola.plowiec@op.pl
2025-01-22 11:21:32 - Zamówienie katalogu|id: 1104|email: sylwia.najdo@o2.pl
2025-01-22 16:49:28 - Przelewy24: Transakcja została zarejestrowana poprawnie, id: 1105
2025-01-22 16:51:24 - Przelewy24: Odczytano orderId, id: 1105 | p24ID: 90219184
2025-01-22 16:51:24 - Przelewy24: Transakcja została zweryfikowana poprawnie, id: 1105 | p24ID: 90219184
2025-01-23 22:47:11 - Zamówienie katalogu|id: 1107|email: beate777@vp.pl
2025-01-26 14:22:49 - Zamówienie katalogu|id: 1108|email: tomasz.pionk@wp.pl
2025-01-26 21:03:46 - Zamówienie katalogu|id: 1109|email: norbertjakobiak@o2.pl
2025-01-27 12:28:17 - Zamówienie katalogu|id: 1110|email: jolautw@gmail.com
2025-01-27 14:19:04 - Przelewy24: Transakcja została zarejestrowana poprawnie, id: 1111
2025-01-27 14:22:34 - Przelewy24: Odczytano orderId, id: 1111 | p24ID: 90888256
2025-01-27 14:22:34 - Przelewy24: Transakcja została zweryfikowana poprawnie, id: 1111 | p24ID: 90888256
2025-01-28 01:00:41 - Zamówienie katalogu|id: 1112|email: renata.wlodarska@interia.com
2025-01-28 08:43:50 - Zamówienie katalogu|id: 1113|email: juszczak22@op.pl
2025-01-28 19:44:21 - Zamówienie katalogu|id: 1114|email: ireszka941@gmail.com
2025-01-29 09:43:25 - Przelewy24: Transakcja została zarejestrowana poprawnie, id: 1115
2025-01-29 09:45:06 - Przelewy24: Odczytano orderId, id: 1115 | p24ID: 91149569
2025-01-29 09:45:06 - Przelewy24: Transakcja została zweryfikowana poprawnie, id: 1115 | p24ID: 91149569
2025-01-30 15:06:56 - Zamówienie katalogu|id: 1117|email: jemiolokamila@gmail.com
2025-01-31 09:42:47 - Zamówienie katalogu|id: 1119|email: wiolettaryn@gmail.com
2025-01-31 20:59:48 - Zamówienie katalogu|id: 1120|email: szczoczarzsara@gmail.com
