2025-02-01 14:48:42 - Zamówienie katalogu|id: 1121|email: Kdm0909@interia.eu
2025-02-02 08:25:16 - Zamówienie katalogu|id: 1122|email: zabrze1990@gmail.com
2025-02-03 13:06:05 - Zamówienie katalogu|id: 1123|email: archikom@archikom.pl
2025-02-04 10:36:50 - Zamówienie katalogu|id: 1125|email: ziomelo09@gmail.com
2025-02-06 18:04:20 - Zamówienie katalogu|id: 1127|email: trzuskowski.kamil.2@gmail.com
2025-02-06 19:28:14 - Przelewy24: Transakcja została zarejestrowana poprawnie, id: 1128
2025-02-06 19:30:58 - Przelewy24: Odczytano orderId, id: 1128 | p24ID: 92242917
2025-02-06 19:30:58 - Przelewy24: Transakcja została zweryfikowana poprawnie, id: 1128 | p24ID: 92242917
2025-02-06 21:01:41 - Zamówienie katalogu|id: 1129|email: Gorowska.paulina@o2.pl
2025-02-08 10:24:20 - Zamówienie katalogu|id: 1130|email: katarzynadomagala@interia.pl
2025-02-08 20:21:10 - Przelewy24: Transakcja została zarejestrowana poprawnie, id: 1131
2025-02-08 20:22:05 - Przelewy24: Odczytano orderId, id: 1131 | p24ID: 92589933
2025-02-08 20:22:06 - Przelewy24: Transakcja została zweryfikowana poprawnie, id: 1131 | p24ID: 92589933
2025-02-09 10:51:17 - Zamówienie katalogu|id: 1132|email: markard@wp.pl
2025-02-10 11:27:26 - Zamówienie katalogu|id: 1133|email: marlena.tomerska0104@wp.pl
2025-02-10 17:14:58 - Zamówienie katalogu|id: 1134|email: piekutowie@wp.pl
2025-02-11 20:34:26 - Przelewy24: Transakcja została zarejestrowana poprawnie, id: 1135
2025-02-11 20:48:15 - Przelewy24: Odczytano orderId, id: 1135 | p24ID: 93015900
2025-02-11 20:48:15 - Przelewy24: Transakcja została zweryfikowana poprawnie, id: 1135 | p24ID: 93015900
2025-02-12 10:31:59 - Zamówienie katalogu|id: 1136|email: golebiewskaagnieszka@gmail.com
2025-02-12 18:10:41 - Zamówienie katalogu|id: 1137|email: klichjustyna@gmail.com
2025-02-13 09:38:33 - Przelewy24: Transakcja została zarejestrowana poprawnie, id: 1138
2025-02-13 09:47:08 - Przelewy24: Transakcja została zarejestrowana poprawnie, id: 1139
2025-02-13 09:52:15 - Przelewy24: Transakcja została zarejestrowana poprawnie, id: 1140
2025-02-13 09:52:47 - Przelewy24: Odczytano orderId, id: 1140 | p24ID: 93189159
2025-02-13 09:52:47 - Przelewy24: Transakcja została zweryfikowana poprawnie, id: 1140 | p24ID: 93189159
2025-02-14 15:47:05 - Zamówienie katalogu|id: 1141|email: danielpawluczuk@wp.pl
2025-02-15 14:11:36 - Zamówienie katalogu|id: 1142|email: urszula.fer@op.pl
2025-02-17 12:23:30 - Zamówienie katalogu|id: 1143|email: ard-ri@o2.pl
2025-02-17 18:14:38 - Zamówienie katalogu|id: 1145|email: biuro.winecka@gmail.com
2025-02-18 13:17:57 - Zamówienie katalogu|id: 1146|email: daria.grzeslo1@gmail.com
2025-02-18 21:59:50 - Zamówienie katalogu|id: 1147|email: 22august15@gmail.com
2025-02-18 22:04:13 - Zamówienie katalogu|id: 1148|email: paweellx@gmail.com
2025-02-19 11:18:47 - Zamówienie katalogu|id: 1149|email: lukasz_palacz@wp.pl
2025-02-19 13:17:41 - Zamówienie katalogu|id: 1150|email: Krzysztof1997.97@wp.pl
2025-02-20 14:31:55 - Zamówienie katalogu|id: 1154|email: oczko_66@wp.pl
2025-02-20 18:17:05 - Zamówienie katalogu|id: 1155|email: fbu.budekor@wp.pl
2025-02-20 18:32:44 - Zamówienie katalogu|id: 1156|email: sloniu87@wp.pl
2025-02-22 19:37:27 - Zamówienie katalogu|id: 1157|email: pstaniszewski19@gmail.com
2025-02-23 21:25:25 - Przelewy24: Transakcja została zarejestrowana poprawnie, id: 1158
2025-02-23 21:27:44 - Przelewy24: Odczytano orderId, id: 1158 | p24ID: 94398694
2025-02-23 21:27:44 - Przelewy24: Transakcja została zweryfikowana poprawnie, id: 1158 | p24ID: 94398694
2025-02-24 21:21:07 - Zamówienie katalogu|id: 1160|email: Stokroczynka@gmail.com
2025-02-27 07:20:55 - Zamówienie katalogu|id: 1163|email: aleksander.figzal@gmail.com
2025-02-28 07:32:26 - Zamówienie katalogu|id: 1164|email: martamalyszek19@gmail.com
