2025-03-01 22:24:38 - Zamówienie katalogu|id: 1165|email: bchadala@wp.pl
2025-03-02 19:08:38 - Zamówienie katalogu|id: 1166|email: gabrysiaskorkiewicz9@gmail.com
2025-03-03 16:39:37 - Przelewy24: Transakcja została zarejestrowana poprawnie, id: 1167
2025-03-03 16:40:56 - Przelewy24: Odczytano orderId, id: 1167 | p24ID: 95295384
2025-03-03 16:40:56 - Przelewy24: Transakcja została zweryfikowana poprawnie, id: 1167 | p24ID: 95295384
2025-03-05 16:43:20 - Przelewy24: Transakcja została zarejestrowana poprawnie, id: 1170
2025-03-06 16:35:59 - Przelewy24: Transakcja została zarejestrowana poprawnie, id: 1172
2025-03-06 16:37:43 - Przelewy24: Odczytano orderId, id: 1172 | p24ID: 95687151
2025-03-06 16:37:43 - Przelewy24: Transakcja została zweryfikowana poprawnie, id: 1172 | p24ID: 95687151
2025-03-06 20:05:00 - Zamówienie katalogu|id: 1173|email: ap_97@wp.pl
2025-03-06 20:05:39 - Zamówienie katalogu|id: 1174|email: ms@nutdetectives.com
2025-03-08 23:09:06 - Zamówienie katalogu|id: 1175|email: natalia.r00@wp.pl
2025-03-09 21:43:32 - Zamówienie katalogu|id: 1176|email: martynamonika@buziaczek.pl
2025-03-10 00:56:07 - Zamówienie katalogu|id: 1177|email: joanna.kozubowicz@o2.pl
2025-03-10 13:19:37 - Zamówienie katalogu|id: 1179|email: dominikamorys@op.pl
2025-03-10 18:11:10 - Zamówienie katalogu|id: 1180|email: jakzie94@gmail.com
2025-03-12 09:53:08 - Zamówienie katalogu|id: 1181|email: sylwia2928@o2.pl
2025-03-12 19:49:27 - Zamówienie katalogu|id: 1182|email: k4018297@gmail.com
2025-03-13 14:51:51 - Zamówienie katalogu|id: 1183|email: kjudycka@interia.pl
2025-03-13 15:06:46 - Zamówienie katalogu|id: 1184|email: agata.adamska2810@interia.pl
2025-03-13 23:16:06 - Przelewy24: Transakcja została zarejestrowana poprawnie, id: 1185
2025-03-13 23:19:11 - Przelewy24: Odczytano orderId, id: 1185 | p24ID: 96627589
2025-03-13 23:22:11 - Przelewy24: Odczytano orderId, id: 1185 | p24ID: 96627589
2025-03-13 23:27:11 - Przelewy24: Odczytano orderId, id: 1185 | p24ID: 96627589
2025-03-13 23:42:12 - Przelewy24: Odczytano orderId, id: 1185 | p24ID: 96627589
2025-03-14 00:12:12 - Przelewy24: Odczytano orderId, id: 1185 | p24ID: 96627589
2025-03-14 00:24:59 - Zamówienie katalogu|id: 1186|email: Karolina.czucha@op.pl
2025-03-14 01:12:12 - Przelewy24: Odczytano orderId, id: 1185 | p24ID: 96627589
2025-03-14 03:42:13 - Przelewy24: Odczytano orderId, id: 1185 | p24ID: 96627589
2025-03-15 19:57:07 - Zamówienie katalogu|id: 1187|email: pptak214@gmail.com
2025-03-16 11:08:15 - Zamówienie katalogu|id: 1188|email: mariovkraso@gmail.com
2025-03-16 14:05:21 - Przelewy24: Transakcja została zarejestrowana poprawnie, id: 1189
2025-03-16 14:06:55 - Przelewy24: Odczytano orderId, id: 1189 | p24ID: 96856826
2025-03-16 14:06:55 - Przelewy24: Transakcja została zweryfikowana poprawnie, id: 1189 | p24ID: 96856826
2025-03-16 17:53:25 - Zamówienie katalogu|id: 1190|email: patricia133nog@gmail.com
2025-03-16 17:53:45 - Zamówienie katalogu|id: 1191|email: patricia133nog@gmail.com
2025-03-16 20:10:30 - Zamówienie katalogu|id: 1192|email: damian-markowski3@wp.pl
2025-03-16 21:07:27 - Zamówienie katalogu|id: 1193|email: frackowiakjessica@gmail.com
2025-03-18 11:29:46 - Zamówienie katalogu|id: 1194|email: pazienka14@gmail.com
2025-03-18 14:46:04 - Zamówienie katalogu|id: 1195|email: ewieckus@onet.pl
2025-03-19 13:19:35 - Zamówienie katalogu|id: 1197|email: kerma.lab@gmail.com
2025-03-19 19:39:56 - Przelewy24: Transakcja została zarejestrowana poprawnie, id: 1198
2025-03-19 19:40:56 - Przelewy24: Odczytano orderId, id: 1198 | p24ID: 97249210
2025-03-19 19:40:57 - Przelewy24: Transakcja została zweryfikowana poprawnie, id: 1198 | p24ID: 97249210
2025-03-21 07:49:39 - Zamówienie katalogu|id: 1199|email: celos69@wp.pl
2025-03-23 10:25:23 - Zamówienie katalogu|id: 1200|email: natalia.uchaniuk1998@gmail.com
2025-03-23 20:41:34 - Zamówienie katalogu|id: 1201|email: Jacekkruk93@o2.pl
2025-03-24 10:52:08 - Zamówienie katalogu|id: 1202|email: natalka9010@wp.pl
2025-03-24 21:27:59 - Zamówienie katalogu|id: 1203|email: anna.jarzebicka@interia.pl
2025-03-26 11:16:02 - Przelewy24: Transakcja została zarejestrowana poprawnie, id: 1204
2025-03-26 11:17:08 - Przelewy24: Odczytano orderId, id: 1204 | p24ID: 97902007
2025-03-26 11:20:08 - Przelewy24: Odczytano orderId, id: 1204 | p24ID: 97902007
2025-03-26 11:25:08 - Przelewy24: Odczytano orderId, id: 1204 | p24ID: 97902007
2025-03-26 11:40:09 - Przelewy24: Odczytano orderId, id: 1204 | p24ID: 97902007
2025-03-26 17:25:56 - Zamówienie katalogu|id: 1205|email: daria.morawska91@gmail.com
2025-03-26 22:00:09 - Zamówienie katalogu|id: 1206|email: levportie@gmail.com
2025-03-27 09:09:05 - Zamówienie katalogu|id: 1208|email: GOCHA1403@INTERIA.PL
2025-03-27 12:06:09 - Zamówienie katalogu|id: 1209|email: gosia.jarosinska@op.pl
2025-03-27 22:48:57 - Zamówienie katalogu|id: 1210|email: bixod93025@motivue.com
